[0m[1mdata.aws_route53_zone.existing[0]: Reading...[0m[0m
[0m[1maws_ecr_repository.tenant_service: Refreshing state... [id=cashflow/tenant-service][0m
[0m[1maws_vpc.main: Refreshing state... [id=vpc-0f36bfe31f25e2aa0][0m
[0m[1maws_iam_role.eks_node_group: Refreshing state... [id=cashflow-dev-eks-node-group][0m
[0m[1maws_ecr_repository.frontend: Refreshing state... [id=cashflow/frontend][0m
[0m[1maws_ecr_repository.ingestion_service: Refreshing state... [id=cashflow/ingestion-service][0m
[0m[1maws_iam_policy.aws_load_balancer_controller: Refreshing state... [id=arn:aws:iam::747253121951:policy/cashflow-dev-alb-controller-policy][0m
[0m[1maws_cloudwatch_log_group.eks: Refreshing state... [id=/aws/eks/cashflow-dev-cluster/cluster][0m
[0m[1maws_iam_role.eks_cluster: Refreshing state... [id=cashflow-dev-eks-cluster][0m
[0m[1maws_cognito_user_pool.main: Refreshing state... [id=us-east-1_y3LJvYSPU][0m
[0m[1maws_acm_certificate.main[0]: Refreshing state... [id=arn:aws:acm:us-east-1:747253121951:certificate/4b00ef25-1bf2-4bd3-a0fc-f4e48a71ef20][0m
[0m[1maws_ecr_lifecycle_policy.frontend: Refreshing state... [id=cashflow/frontend][0m
[0m[1maws_ecr_lifecycle_policy.ingestion_service: Refreshing state... [id=cashflow/ingestion-service][0m
[0m[1maws_ecr_lifecycle_policy.tenant_service: Refreshing state... [id=cashflow/tenant-service][0m
[0m[1mdata.aws_route53_zone.existing[0]: Read complete after 1s [id=Z05025173KCIQA1BDF937][0m
[0m[1maws_iam_role_policy_attachment.eks_cluster_policy: Refreshing state... [id=cashflow-dev-eks-cluster-20260305182821257900000006][0m
[0m[1maws_iam_role_policy_attachment.eks_vpc_resource_controller: Refreshing state... [id=cashflow-dev-eks-cluster-20260305182821017500000005][0m
[0m[1maws_iam_role_policy_attachment.eks_cni_policy: Refreshing state... [id=cashflow-dev-eks-node-group-20260305182820771900000003][0m
[0m[1maws_iam_role_policy_attachment.eks_worker_node_policy: Refreshing state... [id=cashflow-dev-eks-node-group-20260305182820755200000002][0m
[0m[1maws_iam_role_policy_attachment.eks_container_registry_policy: Refreshing state... [id=cashflow-dev-eks-node-group-20260305182820900400000004][0m
[0m[1maws_cognito_user_pool_domain.main: Refreshing state... [id=cashflow-dev-auth][0m
[0m[1maws_cognito_user_pool_client.frontend: Refreshing state... [id=662qj072e235r9f3bcfv7pup96][0m
[0m[1maws_cognito_user_pool_client.backend: Refreshing state... [id=7fghdkeq3hl5ai53osuig48svq][0m
[0m[1maws_cognito_identity_pool.main: Refreshing state... [id=us-east-1:d4bae0b2-b620-4616-b879-f1fe3a48fb70][0m
[0m[1maws_route53_record.cert_validation["*.api.tadfuq.ai"]: Refreshing state... [id=Z05025173KCIQA1BDF937__2667aa37a04edf8a2e118fa2e9ae63e1.api.tadfuq.ai._CNAME][0m
[0m[1maws_route53_record.cert_validation["api.tadfuq.ai"]: Refreshing state... [id=Z05025173KCIQA1BDF937__2667aa37a04edf8a2e118fa2e9ae63e1.api.tadfuq.ai._CNAME][0m
[0m[1maws_iam_role.cognito_authenticated: Refreshing state... [id=cashflow-dev-cognito-authenticated][0m
[0m[1maws_security_group.eks_cluster: Refreshing state... [id=sg-062d4386bf6d50ff6][0m
[0m[1maws_internet_gateway.main: Refreshing state... [id=igw-0e5ee731b5a265254][0m
[0m[1maws_subnet.public[1]: Refreshing state... [id=subnet-04b29583f41ec4eb5][0m
[0m[1maws_subnet.public[0]: Refreshing state... [id=subnet-0e57bfd62dbd319f1][0m
[0m[1maws_subnet.private[1]: Refreshing state... [id=subnet-0d2a88958c4c1560c][0m
[0m[1maws_subnet.private[0]: Refreshing state... [id=subnet-047d120383a8ecef9][0m
[0m[1maws_security_group.alb: Refreshing state... [id=sg-0452d404d4d8caf3b][0m
[0m[1maws_acm_certificate_validation.main[0]: Refreshing state... [id=2026-03-05 18:28:50.889 +0000 UTC][0m
[0m[1maws_cognito_identity_pool_roles_attachment.main: Refreshing state... [id=us-east-1:d4bae0b2-b620-4616-b879-f1fe3a48fb70][0m
[0m[1maws_eip.nat: Refreshing state... [id=eipalloc-0451cabff3ffbfe20][0m
[0m[1maws_route_table.public: Refreshing state... [id=rtb-0c57822a56e19f539][0m
[0m[1maws_security_group.eks_nodes: Refreshing state... [id=sg-006a23303b67888ba][0m
[0m[1maws_db_subnet_group.main: Refreshing state... [id=cashflow-dev-db-subnet][0m
[0m[1maws_route_table_association.public[0]: Refreshing state... [id=rtbassoc-09fb533fdb59f43b9][0m
[0m[1maws_route_table_association.public[1]: Refreshing state... [id=rtbassoc-0f1835f8df8deffd0][0m
[0m[1maws_security_group_rule.nodes_to_cluster: Refreshing state... [id=sgrule-2596878385][0m
[0m[1maws_security_group_rule.cluster_to_nodes: Refreshing state... [id=sgrule-2061052286][0m
[0m[1maws_security_group.rds: Refreshing state... [id=sg-0f8364d11a32f64f9][0m
[0m[1maws_nat_gateway.main: Refreshing state... [id=nat-0c5e16f89287929d5][0m
[0m[1maws_route_table.private: Refreshing state... [id=rtb-0ff79c93fe2b4a562][0m
[0m[1maws_route_table_association.private[0]: Refreshing state... [id=rtbassoc-01dde14cffe29e3d8][0m
[0m[1maws_route_table_association.private[1]: Refreshing state... [id=rtbassoc-012daf615dd727975][0m
[0m[1maws_db_instance.postgres: Refreshing state... [id=db-QEW7JY3QGURYEVEXWVZRIR5FKI][0m
[0m[1mdata.aws_secretsmanager_secret.db_password: Reading...[0m[0m
[0m[1mdata.aws_secretsmanager_secret.db_password: Read complete after 1s [id=arn:aws:secretsmanager:us-east-1:747253121951:secret:rds!db-af8619cd-0336-4f2d-829f-7b9e70b5685e-LFKKkt][0m
[0m[1mdata.aws_secretsmanager_secret_version.db_password: Reading...[0m[0m
[0m[1mdata.aws_secretsmanager_secret_version.db_password: Read complete after 0s [id=arn:aws:secretsmanager:us-east-1:747253121951:secret:rds!db-af8619cd-0336-4f2d-829f-7b9e70b5685e-LFKKkt|AWSCURRENT][0m

Terraform used the selected providers to generate the following execution
plan. Resource actions are indicated with the following symbols:
  [32m+[0m create[0m
  [33m~[0m update in-place[0m
 [36m<=[0m read (data resources)[0m

Terraform will perform the following actions:

[1m  # data.tls_certificate.eks[0m will be read during apply
  # (config refers to values not yet known)
[0m [36m<=[0m[0m data "tls_certificate" "eks" {
      [32m+[0m[0m certificates = (known after apply)
      [32m+[0m[0m id           = (known after apply)
      [32m+[0m[0m url          = (known after apply)
    }

[1m  # aws_cognito_user_pool.main[0m will be updated in-place
[0m  [33m~[0m[0m resource "aws_cognito_user_pool" "main" {
        id                         = "us-east-1_y3LJvYSPU"
        name                       = "cashflow-dev-users"
        tags                       = {
            "Name" = "cashflow-dev-user-pool"
        }
        [90m# (17 unchanged attributes hidden)[0m[0m

      [31m-[0m[0m schema {
          [31m-[0m[0m attribute_data_type      = "String" [90m-> null[0m[0m
          [31m-[0m[0m developer_only_attribute = false [90m-> null[0m[0m
          [31m-[0m[0m mutable                  = false [90m-> null[0m[0m
          [31m-[0m[0m name                     = "email" [90m-> null[0m[0m
          [31m-[0m[0m required                 = true [90m-> null[0m[0m
        }
      [31m-[0m[0m schema {
          [31m-[0m[0m attribute_data_type      = "String" [90m-> null[0m[0m
          [31m-[0m[0m developer_only_attribute = false [90m-> null[0m[0m
          [31m-[0m[0m mutable                  = true [90m-> null[0m[0m
          [31m-[0m[0m name                     = "name" [90m-> null[0m[0m
          [31m-[0m[0m required                 = true [90m-> null[0m[0m
        }
      [31m-[0m[0m schema {
          [31m-[0m[0m attribute_data_type      = "String" [90m-> null[0m[0m
          [31m-[0m[0m developer_only_attribute = false [90m-> null[0m[0m
          [31m-[0m[0m mutable                  = true [90m-> null[0m[0m
          [31m-[0m[0m name                     = "tenant_id" [90m-> null[0m[0m
          [31m-[0m[0m required                 = false [90m-> null[0m[0m

          [31m-[0m[0m string_attribute_constraints {}
        }
      [32m+[0m[0m schema {
          [32m+[0m[0m attribute_data_type = "String"
          [32m+[0m[0m mutable             = false
          [32m+[0m[0m name                = "email"
          [32m+[0m[0m required            = true
        }
      [32m+[0m[0m schema {
          [32m+[0m[0m attribute_data_type = "String"
          [32m+[0m[0m mutable             = true
          [32m+[0m[0m name                = "name"
          [32m+[0m[0m required            = true
        }
      [32m+[0m[0m schema {
          [32m+[0m[0m attribute_data_type = "String"
          [32m+[0m[0m mutable             = true
          [32m+[0m[0m name                = "tenant_id"
          [32m+[0m[0m required            = false
        }
      [32m+[0m[0m schema {
        }

        [90m# (8 unchanged blocks hidden)[0m[0m
    }

[1m  # aws_eks_addon.coredns[0m will be created
[0m  [32m+[0m[0m resource "aws_eks_addon" "coredns" {
      [32m+[0m[0m addon_name           = "coredns"
      [32m+[0m[0m addon_version        = "v1.10.1-eksbuild.6"
      [32m+[0m[0m arn                  = (known after apply)
      [32m+[0m[0m cluster_name         = "cashflow-dev-cluster"
      [32m+[0m[0m configuration_values = (known after apply)
      [32m+[0m[0m created_at           = (known after apply)
      [32m+[0m[0m id                   = (known after apply)
      [32m+[0m[0m modified_at          = (known after apply)
      [32m+[0m[0m tags_all             = {
          [32m+[0m[0m "Environment" = "dev"
          [32m+[0m[0m "ManagedBy"   = "Terraform"
          [32m+[0m[0m "Project"     = "cashflow"
        }
    }

[1m  # aws_eks_addon.ebs_csi_driver[0m will be created
[0m  [32m+[0m[0m resource "aws_eks_addon" "ebs_csi_driver" {
      [32m+[0m[0m addon_name               = "aws-ebs-csi-driver"
      [32m+[0m[0m addon_version            = "v1.25.0-eksbuild.1"
      [32m+[0m[0m arn                      = (known after apply)
      [32m+[0m[0m cluster_name             = "cashflow-dev-cluster"
      [32m+[0m[0m configuration_values     = (known after apply)
      [32m+[0m[0m created_at               = (known after apply)
      [32m+[0m[0m id                       = (known after apply)
      [32m+[0m[0m modified_at              = (known after apply)
      [32m+[0m[0m service_account_role_arn = (known after apply)
      [32m+[0m[0m tags_all                 = {
          [32m+[0m[0m "Environment" = "dev"
          [32m+[0m[0m "ManagedBy"   = "Terraform"
          [32m+[0m[0m "Project"     = "cashflow"
        }
    }

[1m  # aws_eks_addon.kube_proxy[0m will be created
[0m  [32m+[0m[0m resource "aws_eks_addon" "kube_proxy" {
      [32m+[0m[0m addon_name           = "kube-proxy"
      [32m+[0m[0m addon_version        = "v1.28.2-eksbuild.2"
      [32m+[0m[0m arn                  = (known after apply)
      [32m+[0m[0m cluster_name         = "cashflow-dev-cluster"
      [32m+[0m[0m configuration_values = (known after apply)
      [32m+[0m[0m created_at           = (known after apply)
      [32m+[0m[0m id                   = (known after apply)
      [32m+[0m[0m modified_at          = (known after apply)
      [32m+[0m[0m tags_all             = {
          [32m+[0m[0m "Environment" = "dev"
          [32m+[0m[0m "ManagedBy"   = "Terraform"
          [32m+[0m[0m "Project"     = "cashflow"
        }
    }

[1m  # aws_eks_addon.vpc_cni[0m will be created
[0m  [32m+[0m[0m resource "aws_eks_addon" "vpc_cni" {
      [32m+[0m[0m addon_name           = "vpc-cni"
      [32m+[0m[0m addon_version        = "v1.15.1-eksbuild.1"
      [32m+[0m[0m arn                  = (known after apply)
      [32m+[0m[0m cluster_name         = "cashflow-dev-cluster"
      [32m+[0m[0m configuration_values = (known after apply)
      [32m+[0m[0m created_at           = (known after apply)
      [32m+[0m[0m id                   = (known after apply)
      [32m+[0m[0m modified_at          = (known after apply)
      [32m+[0m[0m tags_all             = {
          [32m+[0m[0m "Environment" = "dev"
          [32m+[0m[0m "ManagedBy"   = "Terraform"
          [32m+[0m[0m "Project"     = "cashflow"
        }
    }

[1m  # aws_eks_cluster.main[0m will be created
[0m  [32m+[0m[0m resource "aws_eks_cluster" "main" {
      [32m+[0m[0m arn                           = (known after apply)
      [32m+[0m[0m bootstrap_self_managed_addons = true
      [32m+[0m[0m certificate_authority         = (known after apply)
      [32m+[0m[0m cluster_id                    = (known after apply)
      [32m+[0m[0m created_at                    = (known after apply)
      [32m+[0m[0m enabled_cluster_log_types     = [
          [32m+[0m[0m "api",
          [32m+[0m[0m "audit",
          [32m+[0m[0m "authenticator",
          [32m+[0m[0m "controllerManager",
          [32m+[0m[0m "scheduler",
        ]
      [32m+[0m[0m endpoint                      = (known after apply)
      [32m+[0m[0m id                            = (known after apply)
      [32m+[0m[0m identity                      = (known after apply)
      [32m+[0m[0m name                          = "cashflow-dev-cluster"
      [32m+[0m[0m platform_version              = (known after apply)
      [32m+[0m[0m role_arn                      = "arn:aws:iam::747253121951:role/cashflow-dev-eks-cluster"
      [32m+[0m[0m status                        = (known after apply)
      [32m+[0m[0m tags                          = {
          [32m+[0m[0m "Name" = "cashflow-dev-eks-cluster"
        }
      [32m+[0m[0m tags_all                      = {
          [32m+[0m[0m "Environment" = "dev"
          [32m+[0m[0m "ManagedBy"   = "Terraform"
          [32m+[0m[0m "Name"        = "cashflow-dev-eks-cluster"
          [32m+[0m[0m "Project"     = "cashflow"
        }
      [32m+[0m[0m version                       = "1.31"

      [32m+[0m[0m access_config (known after apply)

      [32m+[0m[0m kubernetes_network_config (known after apply)

      [32m+[0m[0m timeouts {
          [32m+[0m[0m create = "45m"
          [32m+[0m[0m delete = "30m"
        }

      [32m+[0m[0m upgrade_policy (known after apply)

      [32m+[0m[0m vpc_config {
          [32m+[0m[0m cluster_security_group_id = (known after apply)
          [32m+[0m[0m endpoint_private_access   = true
          [32m+[0m[0m endpoint_public_access    = true
          [32m+[0m[0m public_access_cidrs       = (known after apply)
          [32m+[0m[0m security_group_ids        = [
              [32m+[0m[0m "sg-062d4386bf6d50ff6",
            ]
          [32m+[0m[0m subnet_ids                = [
              [32m+[0m[0m "subnet-047d120383a8ecef9",
              [32m+[0m[0m "subnet-04b29583f41ec4eb5",
              [32m+[0m[0m "subnet-0d2a88958c4c1560c",
              [32m+[0m[0m "subnet-0e57bfd62dbd319f1",
            ]
          [32m+[0m[0m vpc_id                    = (known after apply)
        }
    }

[1m  # aws_eks_node_group.main[0m will be created
[0m  [32m+[0m[0m resource "aws_eks_node_group" "main" {
      [32m+[0m[0m ami_type               = (known after apply)
      [32m+[0m[0m arn                    = (known after apply)
      [32m+[0m[0m capacity_type          = "ON_DEMAND"
      [32m+[0m[0m cluster_name           = "cashflow-dev-cluster"
      [32m+[0m[0m disk_size              = 20
      [32m+[0m[0m id                     = (known after apply)
      [32m+[0m[0m instance_types         = [
          [32m+[0m[0m "t3.medium",
        ]
      [32m+[0m[0m node_group_name        = "cashflow-dev-node-group"
      [32m+[0m[0m node_group_name_prefix = (known after apply)
      [32m+[0m[0m node_role_arn          = "arn:aws:iam::747253121951:role/cashflow-dev-eks-node-group"
      [32m+[0m[0m release_version        = (known after apply)
      [32m+[0m[0m resources              = (known after apply)
      [32m+[0m[0m status                 = (known after apply)
      [32m+[0m[0m subnet_ids             = [
          [32m+[0m[0m "subnet-047d120383a8ecef9",
          [32m+[0m[0m "subnet-0d2a88958c4c1560c",
        ]
      [32m+[0m[0m tags                   = {
          [32m+[0m[0m "Name" = "cashflow-dev-node-group"
        }
      [32m+[0m[0m tags_all               = {
          [32m+[0m[0m "Environment" = "dev"
          [32m+[0m[0m "ManagedBy"   = "Terraform"
          [32m+[0m[0m "Name"        = "cashflow-dev-node-group"
          [32m+[0m[0m "Project"     = "cashflow"
        }
      [32m+[0m[0m version                = (known after apply)

      [32m+[0m[0m node_repair_config (known after apply)

      [32m+[0m[0m scaling_config {
          [32m+[0m[0m desired_size = 2
          [32m+[0m[0m max_size     = 4
          [32m+[0m[0m min_size     = 1
        }

      [32m+[0m[0m update_config {
          [32m+[0m[0m max_unavailable = 1
        }
    }

[1m  # aws_iam_openid_connect_provider.eks[0m will be created
[0m  [32m+[0m[0m resource "aws_iam_openid_connect_provider" "eks" {
      [32m+[0m[0m arn             = (known after apply)
      [32m+[0m[0m client_id_list  = [
          [32m+[0m[0m "sts.amazonaws.com",
        ]
      [32m+[0m[0m id              = (known after apply)
      [32m+[0m[0m tags_all        = {
          [32m+[0m[0m "Environment" = "dev"
          [32m+[0m[0m "ManagedBy"   = "Terraform"
          [32m+[0m[0m "Project"     = "cashflow"
        }
      [32m+[0m[0m thumbprint_list = (known after apply)
      [32m+[0m[0m url             = (known after apply)
    }

[1m  # aws_iam_role.aws_load_balancer_controller[0m will be created
[0m  [32m+[0m[0m resource "aws_iam_role" "aws_load_balancer_controller" {
      [32m+[0m[0m arn                   = (known after apply)
      [32m+[0m[0m assume_role_policy    = (known after apply)
      [32m+[0m[0m create_date           = (known after apply)
      [32m+[0m[0m force_detach_policies = false
      [32m+[0m[0m id                    = (known after apply)
      [32m+[0m[0m managed_policy_arns   = (known after apply)
      [32m+[0m[0m max_session_duration  = 3600
      [32m+[0m[0m name                  = "cashflow-dev-alb-controller-role"
      [32m+[0m[0m name_prefix           = (known after apply)
      [32m+[0m[0m path                  = "/"
      [32m+[0m[0m tags_all              = {
          [32m+[0m[0m "Environment" = "dev"
          [32m+[0m[0m "ManagedBy"   = "Terraform"
          [32m+[0m[0m "Project"     = "cashflow"
        }
      [32m+[0m[0m unique_id             = (known after apply)

      [32m+[0m[0m inline_policy (known after apply)
    }

[1m  # aws_iam_role.ebs_csi_driver[0m will be created
[0m  [32m+[0m[0m resource "aws_iam_role" "ebs_csi_driver" {
      [32m+[0m[0m arn                   = (known after apply)
      [32m+[0m[0m assume_role_policy    = (known after apply)
      [32m+[0m[0m create_date           = (known after apply)
      [32m+[0m[0m force_detach_policies = false
      [32m+[0m[0m id                    = (known after apply)
      [32m+[0m[0m managed_policy_arns   = (known after apply)
      [32m+[0m[0m max_session_duration  = 3600
      [32m+[0m[0m name                  = "cashflow-dev-ebs-csi-driver"
      [32m+[0m[0m name_prefix           = (known after apply)
      [32m+[0m[0m path                  = "/"
      [32m+[0m[0m tags_all              = {
          [32m+[0m[0m "Environment" = "dev"
          [32m+[0m[0m "ManagedBy"   = "Terraform"
          [32m+[0m[0m "Project"     = "cashflow"
        }
      [32m+[0m[0m unique_id             = (known after apply)

      [32m+[0m[0m inline_policy (known after apply)
    }

[1m  # aws_iam_role_policy_attachment.aws_load_balancer_controller[0m will be created
[0m  [32m+[0m[0m resource "aws_iam_role_policy_attachment" "aws_load_balancer_controller" {
      [32m+[0m[0m id         = (known after apply)
      [32m+[0m[0m policy_arn = "arn:aws:iam::747253121951:policy/cashflow-dev-alb-controller-policy"
      [32m+[0m[0m role       = "cashflow-dev-alb-controller-role"
    }

[1m  # aws_iam_role_policy_attachment.ebs_csi_driver[0m will be created
[0m  [32m+[0m[0m resource "aws_iam_role_policy_attachment" "ebs_csi_driver" {
      [32m+[0m[0m id         = (known after apply)
      [32m+[0m[0m policy_arn = "arn:aws:iam::aws:policy/service-role/AmazonEBSCSIDriverPolicy"
      [32m+[0m[0m role       = "cashflow-dev-ebs-csi-driver"
    }

[1m  # aws_security_group_rule.cluster_to_nodes[0m will be created
[0m  [32m+[0m[0m resource "aws_security_group_rule" "cluster_to_nodes" {
      [32m+[0m[0m description              = "Allow cluster to communicate with nodes"
      [32m+[0m[0m from_port                = 443
      [32m+[0m[0m id                       = (known after apply)
      [32m+[0m[0m protocol                 = "tcp"
      [32m+[0m[0m security_group_id        = "sg-006a23303b67888ba"
      [32m+[0m[0m security_group_rule_id   = (known after apply)
      [32m+[0m[0m self                     = false
      [32m+[0m[0m source_security_group_id = "sg-062d4386bf6d50ff6"
      [32m+[0m[0m to_port                  = 443
      [32m+[0m[0m type                     = "ingress"
    }

[1mPlan:[0m [0m12 to add, 1 to change, 0 to destroy.

Changes to Outputs:
  [33m~[0m[0m alb_controller_role_arn           = "arn:aws:iam::747253121951:role/cashflow-dev-alb-controller-role" -> (known after apply)
  [33m~[0m[0m eks_cluster_arn                   = "arn:aws:eks:us-east-1:747253121951:cluster/cashflow-dev-cluster" -> (known after apply)
  [33m~[0m[0m eks_cluster_certificate_authority = (sensitive value)
  [33m~[0m[0m eks_cluster_endpoint              = "https://32B8990F5DA2E91AE51D6A41EAA95115.gr7.us-east-1.eks.amazonaws.com" -> (known after apply)
  [33m~[0m[0m eks_oidc_provider_arn             = "arn:aws:iam::747253121951:oidc-provider/oidc.eks.us-east-1.amazonaws.com/id/32B8990F5DA2E91AE51D6A41EAA95115" -> (known after apply)
[0m[1maws_security_group_rule.cluster_to_nodes: Creating...[0m[0m
[0m[1maws_eks_cluster.main: Creating...[0m[0m
[0m[1maws_cognito_user_pool.main: Modifying... [id=us-east-1_y3LJvYSPU][0m[0m
[0m[1maws_security_group_rule.cluster_to_nodes: Creation complete after 2s [id=sgrule-2061052286][0m
[0m[1maws_eks_cluster.main: Still creating... [00m10s elapsed][0m[0m
[0m[1maws_eks_cluster.main: Still creating... [00m20s elapsed][0m[0m
[0m[1maws_eks_cluster.main: Still creating... [00m30s elapsed][0m[0m
[0m[1maws_eks_cluster.main: Still creating... [00m40s elapsed][0m[0m
[0m[1maws_eks_cluster.main: Still creating... [00m50s elapsed][0m[0m
[0m[1maws_eks_cluster.main: Still creating... [01m00s elapsed][0m[0m
[0m[1maws_eks_cluster.main: Still creating... [01m10s elapsed][0m[0m
[0m[1maws_eks_cluster.main: Still creating... [01m20s elapsed][0m[0m
[0m[1maws_eks_cluster.main: Still creating... [01m30s elapsed][0m[0m
[0m[1maws_eks_cluster.main: Still creating... [01m40s elapsed][0m[0m
[0m[1maws_eks_cluster.main: Still creating... [01m50s elapsed][0m[0m
[0m[1maws_eks_cluster.main: Still creating... [02m00s elapsed][0m[0m
[0m[1maws_eks_cluster.main: Still creating... [02m10s elapsed][0m[0m
[0m[1maws_eks_cluster.main: Still creating... [02m20s elapsed][0m[0m
[0m[1maws_eks_cluster.main: Still creating... [02m30s elapsed][0m[0m
[0m[1maws_eks_cluster.main: Still creating... [02m40s elapsed][0m[0m
[0m[1maws_eks_cluster.main: Still creating... [02m50s elapsed][0m[0m
[0m[1maws_eks_cluster.main: Still creating... [03m00s elapsed][0m[0m
[0m[1maws_eks_cluster.main: Still creating... [03m10s elapsed][0m[0m
[0m[1maws_eks_cluster.main: Still creating... [03m20s elapsed][0m[0m
[0m[1maws_eks_cluster.main: Still creating... [03m30s elapsed][0m[0m
[0m[1maws_eks_cluster.main: Still creating... [03m40s elapsed][0m[0m
[0m[1maws_eks_cluster.main: Still creating... [03m50s elapsed][0m[0m
[0m[1maws_eks_cluster.main: Still creating... [04m00s elapsed][0m[0m
[0m[1maws_eks_cluster.main: Still creating... [04m10s elapsed][0m[0m
[0m[1maws_eks_cluster.main: Still creating... [04m20s elapsed][0m[0m
[0m[1maws_eks_cluster.main: Still creating... [04m30s elapsed][0m[0m
[0m[1maws_eks_cluster.main: Still creating... [04m40s elapsed][0m[0m
[0m[1maws_eks_cluster.main: Still creating... [04m50s elapsed][0m[0m
[0m[1maws_eks_cluster.main: Still creating... [05m00s elapsed][0m[0m
[0m[1maws_eks_cluster.main: Still creating... [05m10s elapsed][0m[0m
[0m[1maws_eks_cluster.main: Still creating... [05m20s elapsed][0m[0m
[0m[1maws_eks_cluster.main: Still creating... [05m30s elapsed][0m[0m
[0m[1maws_eks_cluster.main: Still creating... [05m40s elapsed][0m[0m
[0m[1maws_eks_cluster.main: Still creating... [05m50s elapsed][0m[0m
[0m[1maws_eks_cluster.main: Still creating... [06m00s elapsed][0m[0m
[0m[1maws_eks_cluster.main: Still creating... [06m10s elapsed][0m[0m
[0m[1maws_eks_cluster.main: Still creating... [06m20s elapsed][0m[0m
[0m[1maws_eks_cluster.main: Still creating... [06m30s elapsed][0m[0m
[0m[1maws_eks_cluster.main: Still creating... [06m40s elapsed][0m[0m
[0m[1maws_eks_cluster.main: Still creating... [06m50s elapsed][0m[0m
[0m[1maws_eks_cluster.main: Still creating... [07m00s elapsed][0m[0m
[0m[1maws_eks_cluster.main: Still creating... [07m10s elapsed][0m[0m
[0m[1maws_eks_cluster.main: Still creating... [07m20s elapsed][0m[0m
[0m[1maws_eks_cluster.main: Still creating... [07m30s elapsed][0m[0m
[0m[1maws_eks_cluster.main: Still creating... [07m40s elapsed][0m[0m
[0m[1maws_eks_cluster.main: Still creating... [07m50s elapsed][0m[0m
[0m[1maws_eks_cluster.main: Still creating... [08m00s elapsed][0m[0m
[0m[1maws_eks_cluster.main: Still creating... [08m10s elapsed][0m[0m
[0m[1maws_eks_cluster.main: Still creating... [08m20s elapsed][0m[0m
[0m[1maws_eks_cluster.main: Still creating... [08m30s elapsed][0m[0m
[0m[1maws_eks_cluster.main: Still creating... [08m40s elapsed][0m[0m
[0m[1maws_eks_cluster.main: Still creating... [08m50s elapsed][0m[0m
[0m[1maws_eks_cluster.main: Still creating... [09m00s elapsed][0m[0m
[0m[1maws_eks_cluster.main: Still creating... [09m10s elapsed][0m[0m
[0m[1maws_eks_cluster.main: Still creating... [09m20s elapsed][0m[0m
[0m[1maws_eks_cluster.main: Still creating... [09m30s elapsed][0m[0m
[0m[1maws_eks_cluster.main: Still creating... [09m40s elapsed][0m[0m
[0m[1maws_eks_cluster.main: Still creating... [09m50s elapsed][0m[0m
[0m[1maws_eks_cluster.main: Still creating... [10m00s elapsed][0m[0m
[0m[1maws_eks_cluster.main: Still creating... [10m10s elapsed][0m[0m
[0m[1maws_eks_cluster.main: Still creating... [10m20s elapsed][0m[0m
[0m[1maws_eks_cluster.main: Still creating... [10m30s elapsed][0m[0m
[0m[1maws_eks_cluster.main: Creation complete after 10m39s [id=cashflow-dev-cluster][0m
[0m[1mdata.tls_certificate.eks: Reading...[0m[0m
[0m[1maws_eks_node_group.main: Creating...[0m[0m
[0m[1mdata.tls_certificate.eks: Read complete after 1s [id=b1b539daa206035ae3c3e28288b0681fa1b462f3][0m
[0m[1maws_iam_openid_connect_provider.eks: Creating...[0m[0m
[0m[1maws_iam_openid_connect_provider.eks: Creation complete after 1s [id=arn:aws:iam::747253121951:oidc-provider/oidc.eks.us-east-1.amazonaws.com/id/0870E4AC56B904F71AD10CCFA026C1A1][0m
[0m[1maws_iam_role.aws_load_balancer_controller: Creating...[0m[0m
[0m[1maws_iam_role.ebs_csi_driver: Creating...[0m[0m
[0m[1maws_iam_role.ebs_csi_driver: Creation complete after 1s [id=cashflow-dev-ebs-csi-driver][0m
[0m[1maws_iam_role_policy_attachment.ebs_csi_driver: Creating...[0m[0m
[0m[1maws_iam_role.aws_load_balancer_controller: Creation complete after 2s [id=cashflow-dev-alb-controller-role][0m
[0m[1maws_iam_role_policy_attachment.aws_load_balancer_controller: Creating...[0m[0m
[0m[1maws_iam_role_policy_attachment.ebs_csi_driver: Creation complete after 1s [id=cashflow-dev-ebs-csi-driver-20260305185501733500000002][0m
[0m[1maws_iam_role_policy_attachment.aws_load_balancer_controller: Creation complete after 0s [id=cashflow-dev-alb-controller-role-20260305185501959500000003][0m
[0m[1maws_eks_node_group.main: Still creating... [00m10s elapsed][0m[0m
[0m[1maws_eks_node_group.main: Still creating... [00m20s elapsed][0m[0m
[0m[1maws_eks_node_group.main: Still creating... [00m30s elapsed][0m[0m
[0m[1maws_eks_node_group.main: Still creating... [00m40s elapsed][0m[0m
[0m[1maws_eks_node_group.main: Still creating... [00m50s elapsed][0m[0m
[0m[1maws_eks_node_group.main: Still creating... [01m00s elapsed][0m[0m
[0m[1maws_eks_node_group.main: Still creating... [01m10s elapsed][0m[0m
[0m[1maws_eks_node_group.main: Still creating... [01m20s elapsed][0m[0m
[0m[1maws_eks_node_group.main: Still creating... [01m30s elapsed][0m[0m
[0m[1maws_eks_node_group.main: Still creating... [01m40s elapsed][0m[0m
[0m[1maws_eks_node_group.main: Creation complete after 1m50s [id=cashflow-dev-cluster:cashflow-dev-node-group][0m
[0m[1maws_eks_addon.coredns: Creating...[0m[0m
[0m[1maws_eks_addon.vpc_cni: Creating...[0m[0m
[0m[1maws_eks_addon.ebs_csi_driver: Creating...[0m[0m
[0m[1maws_eks_addon.kube_proxy: Creating...[0m[0m
[0m[1maws_eks_addon.kube_proxy: Still creating... [00m10s elapsed][0m[0m
[0m[1maws_eks_addon.coredns: Still creating... [00m10s elapsed][0m[0m
[0m[1maws_eks_addon.coredns: Creation complete after 16s [id=cashflow-dev-cluster:coredns][0m
[0m[1maws_eks_addon.kube_proxy: Still creating... [00m20s elapsed][0m[0m
[0m[1maws_eks_addon.kube_proxy: Creation complete after 26s [id=cashflow-dev-cluster:kube-proxy][0m
[33m╷[0m[0m
[33m│[0m [0m[1m[33mWarning: [0m[0m[1mValue for undeclared variable[0m
[33m│[0m [0m
[33m│[0m [0m[0mThe root module does not declare a variable named "keycloak_admin_password"
[33m│[0m [0mbut a value was found in file "terraform.tfvars". If you meant to use this
[33m│[0m [0mvalue, add a "variable" block to the configuration.
[33m│[0m [0m
[33m│[0m [0mTo silence these warnings, use TF_VAR_... environment variables to provide
[33m│[0m [0mcertain "global" settings to all configurations in your organization. To
[33m│[0m [0mreduce the verbosity of these warnings, use the -compact-warnings option.
[33m╵[0m[0m
[33m╷[0m[0m
[33m│[0m [0m[1m[33mWarning: [0m[0m[1mValue for undeclared variable[0m
[33m│[0m [0m
[33m│[0m [0m[0mThe root module does not declare a variable named "tenant_service_cpu" but
[33m│[0m [0ma value was found in file "terraform.tfvars". If you meant to use this
[33m│[0m [0mvalue, add a "variable" block to the configuration.
[33m│[0m [0m
[33m│[0m [0mTo silence these warnings, use TF_VAR_... environment variables to provide
[33m│[0m [0mcertain "global" settings to all configurations in your organization. To
[33m│[0m [0mreduce the verbosity of these warnings, use the -compact-warnings option.
[33m╵[0m[0m
[33m╷[0m[0m
[33m│[0m [0m[1m[33mWarning: [0m[0m[1mValues for undeclared variables[0m
[33m│[0m [0m
[33m│[0m [0m[0mIn addition to the other similar warnings shown, 4 other variable(s)
[33m│[0m [0mdefined without being declared.
[33m╵[0m[0m
[31m╷[0m[0m
[31m│[0m [0m[1m[31mError: [0m[0m[1mupdating Cognito User Pool (us-east-1_y3LJvYSPU): cannot modify or remove schema items[0m
[31m│[0m [0m
[31m│[0m [0m[0m  with aws_cognito_user_pool.main,
[31m│[0m [0m  on cognito.tf line 3, in resource "aws_cognito_user_pool" "main":
[31m│[0m [0m   3: resource "aws_cognito_user_pool" "main" [4m{[0m[0m
[31m│[0m [0m
[31m╵[0m[0m
[31m╷[0m[0m
[31m│[0m [0m[1m[31mError: [0m[0m[1mcreating EKS Add-On (cashflow-dev-cluster:aws-ebs-csi-driver): operation error EKS: CreateAddon, https response error StatusCode: 400, RequestID: 70772070-6eac-429c-9357-06fc82cee0b0, InvalidParameterException: Addon version specified is not supported[0m
[31m│[0m [0m
[31m│[0m [0m[0m  with aws_eks_addon.ebs_csi_driver,
[31m│[0m [0m  on eks.tf line 168, in resource "aws_eks_addon" "ebs_csi_driver":
[31m│[0m [0m 168: resource "aws_eks_addon" "ebs_csi_driver" [4m{[0m[0m
[31m│[0m [0m
[31m╵[0m[0m
[31m╷[0m[0m
[31m│[0m [0m[1m[31mError: [0m[0m[1mcreating EKS Add-On (cashflow-dev-cluster:vpc-cni): operation error EKS: CreateAddon, https response error StatusCode: 400, RequestID: eb10042b-8a78-46c6-9d6b-558875fd8a2a, InvalidParameterException: Addon version specified is not supported[0m
[31m│[0m [0m
[31m│[0m [0m[0m  with aws_eks_addon.vpc_cni,
[31m│[0m [0m  on eks.tf line 178, in resource "aws_eks_addon" "vpc_cni":
[31m│[0m [0m 178: resource "aws_eks_addon" "vpc_cni" [4m{[0m[0m
[31m│[0m [0m
[31m╵[0m[0m
