[0m[1mdata.aws_route53_zone.existing[0]: Reading...[0m[0m
[0m[1maws_vpc.main: Refreshing state... [id=vpc-02f1a5ae9732a39b7][0m
[0m[1maws_cloudwatch_log_group.eks: Refreshing state... [id=/aws/eks/cashflow-dev-cluster/cluster][0m
[0m[1maws_iam_role.eks_cluster: Refreshing state... [id=cashflow-dev-eks-cluster][0m
[0m[1maws_ecr_repository.tenant_service: Refreshing state... [id=cashflow/tenant-service][0m
[0m[1maws_ecr_repository.ingestion_service: Refreshing state... [id=cashflow/ingestion-service][0m
[0m[1maws_iam_role.eks_node_group: Refreshing state... [id=cashflow-dev-eks-node-group][0m
[0m[1maws_ecr_repository.frontend: Refreshing state... [id=cashflow/frontend][0m
[0m[1maws_acm_certificate.main[0]: Refreshing state... [id=arn:aws:acm:me-south-1:747253121951:certificate/ce457538-3c24-400e-a7df-2cc628eb70e8][0m
[0m[1maws_cognito_user_pool.main: Refreshing state... [id=me-south-1_IICPvqPaZ][0m
[0m[1maws_iam_policy.aws_load_balancer_controller: Refreshing state... [id=arn:aws:iam::747253121951:policy/cashflow-dev-alb-controller-policy][0m
[0m[1maws_route53_record.cert_validation["*.api.tadfuq.ai"]: Refreshing state... [id=Z05025173KCIQA1BDF937__2667aa37a04edf8a2e118fa2e9ae63e1.api.tadfuq.ai._CNAME][0m
[0m[1maws_route53_record.cert_validation["api.tadfuq.ai"]: Refreshing state... [id=Z05025173KCIQA1BDF937__2667aa37a04edf8a2e118fa2e9ae63e1.api.tadfuq.ai._CNAME][0m
[0m[1maws_cognito_user_pool_client.backend: Refreshing state... [id=19730d7ho50gfd7ohra5igq7l5][0m
[0m[1maws_cognito_user_pool_domain.main: Refreshing state... [id=cashflow-dev-auth][0m
[0m[1maws_cognito_user_pool_client.frontend: Refreshing state... [id=29u6e5ro5e106idgvkk3d5npcr][0m
[0m[1maws_security_group.alb: Refreshing state... [id=sg-0fc039fbef4f13936][0m
[0m[1maws_internet_gateway.main: Refreshing state... [id=igw-0986a4c891a5122cb][0m
[0m[1maws_subnet.private[0]: Refreshing state... [id=subnet-06d06dcb04248a945][0m
[0m[1maws_subnet.private[1]: Refreshing state... [id=subnet-0e9ce93a7cc2d0e89][0m
[0m[1maws_security_group.eks_cluster: Refreshing state... [id=sg-00728594ccbd62b79][0m
[0m[1maws_subnet.public[1]: Refreshing state... [id=subnet-02ac52dcc53f0c040][0m
[0m[1maws_subnet.public[0]: Refreshing state... [id=subnet-06645455604895b0c][0m
[0m[1maws_ecr_lifecycle_policy.ingestion_service: Refreshing state... [id=cashflow/ingestion-service][0m
[0m[1maws_ecr_lifecycle_policy.tenant_service: Refreshing state... [id=cashflow/tenant-service][0m
[0m[1maws_ecr_lifecycle_policy.frontend: Refreshing state... [id=cashflow/frontend][0m
[0m[1mdata.aws_route53_zone.existing[0]: Read complete after 1s [id=Z05025173KCIQA1BDF937][0m
[0m[1maws_cognito_identity_pool.main: Refreshing state... [id=me-south-1:fa1ab8bc-e936-4e59-b00d-2111141476d6][0m
[0m[1maws_iam_role_policy_attachment.eks_container_registry_policy: Refreshing state... [id=cashflow-dev-eks-node-group-20260305175827219400000005][0m
[0m[1maws_iam_role_policy_attachment.eks_worker_node_policy: Refreshing state... [id=cashflow-dev-eks-node-group-20260305175827259900000006][0m
[0m[1maws_iam_role_policy_attachment.eks_cni_policy: Refreshing state... [id=cashflow-dev-eks-node-group-20260305175826962600000003][0m
[0m[1maws_iam_role_policy_attachment.eks_cluster_policy: Refreshing state... [id=cashflow-dev-eks-cluster-20260305175826984300000004][0m
[0m[1maws_iam_role_policy_attachment.eks_vpc_resource_controller: Refreshing state... [id=cashflow-dev-eks-cluster-20260305175826928700000002][0m
[0m[1maws_acm_certificate_validation.main[0]: Refreshing state... [id=2026-03-05 17:58:45.11 +0000 UTC][0m
[0m[1maws_security_group.eks_nodes: Refreshing state... [id=sg-0dbc4951f8b3b490a][0m
[0m[1maws_eip.nat: Refreshing state... [id=eipalloc-0b3f1d88acd255308][0m
[0m[1maws_route_table.public: Refreshing state... [id=rtb-0892ff1ed359f56d1][0m
[0m[1maws_db_subnet_group.main: Refreshing state... [id=cashflow-dev-db-subnet][0m
[0m[1maws_eks_cluster.main: Refreshing state... [id=cashflow-dev-cluster][0m
[0m[1maws_iam_role.cognito_authenticated: Refreshing state... [id=cashflow-dev-cognito-authenticated][0m
[0m[1maws_security_group_rule.cluster_to_nodes: Refreshing state... [id=sgrule-2277605761][0m
[0m[1maws_security_group_rule.nodes_to_cluster: Refreshing state... [id=sgrule-3039915776][0m
[0m[1maws_security_group.rds: Refreshing state... [id=sg-093ffb641782df6c6][0m
[0m[1maws_route_table_association.public[0]: Refreshing state... [id=rtbassoc-0ca30c9e4316e6afd][0m
[0m[1maws_route_table_association.public[1]: Refreshing state... [id=rtbassoc-06530123af6dc0215][0m
[0m[1maws_nat_gateway.main: Refreshing state... [id=nat-083380baa84579c09][0m
[0m[1maws_iam_openid_connect_provider.eks: Refreshing state... [id=arn:aws:iam::747253121951:oidc-provider/oidc.eks.me-south-1.amazonaws.com/id/A8763F76889DD3C5C1B7285D1639E4DB][0m
[0m[1maws_cognito_identity_pool_roles_attachment.main: Refreshing state... [id=me-south-1:fa1ab8bc-e936-4e59-b00d-2111141476d6][0m
[0m[1maws_iam_role.ebs_csi_driver: Refreshing state... [id=cashflow-dev-ebs-csi-driver][0m
[0m[1maws_iam_role.aws_load_balancer_controller: Refreshing state... [id=cashflow-dev-alb-controller-role][0m
[0m[1maws_db_instance.postgres: Refreshing state... [id=db-MLG7Y4XCBHVLDBDOG5SIZUGN2Y][0m
[0m[1maws_route_table.private: Refreshing state... [id=rtb-0d8a2109a380b63e1][0m
[0m[1maws_iam_role_policy_attachment.aws_load_balancer_controller: Refreshing state... [id=cashflow-dev-alb-controller-role-2026030518133567430000000c][0m
[0m[1maws_iam_role_policy_attachment.ebs_csi_driver: Refreshing state... [id=cashflow-dev-ebs-csi-driver-2026030518133552130000000b][0m
[0m[1maws_route_table_association.private[1]: Refreshing state... [id=rtbassoc-08d532a1a0dc6aa8a][0m
[0m[1maws_route_table_association.private[0]: Refreshing state... [id=rtbassoc-0d2299b4f195c0df9][0m

Terraform used the selected providers to generate the following execution
plan. Resource actions are indicated with the following symbols:
  [31m-[0m destroy[0m

Terraform will perform the following actions:

[1m  # aws_iam_openid_connect_provider.eks[0m will be [1m[31mdestroyed[0m
[0m  [31m-[0m[0m resource "aws_iam_openid_connect_provider" "eks" {
      [31m-[0m[0m arn             = "arn:aws:iam::747253121951:oidc-provider/oidc.eks.me-south-1.amazonaws.com/id/A8763F76889DD3C5C1B7285D1639E4DB" [90m-> null[0m[0m
      [31m-[0m[0m client_id_list  = [
          [31m-[0m[0m "sts.amazonaws.com",
        ] [90m-> null[0m[0m
      [31m-[0m[0m id              = "arn:aws:iam::747253121951:oidc-provider/oidc.eks.me-south-1.amazonaws.com/id/A8763F76889DD3C5C1B7285D1639E4DB" [90m-> null[0m[0m
      [31m-[0m[0m tags            = {} [90m-> null[0m[0m
      [31m-[0m[0m tags_all        = {
          [31m-[0m[0m "Environment" = "dev"
          [31m-[0m[0m "ManagedBy"   = "Terraform"
          [31m-[0m[0m "Project"     = "cashflow"
        } [90m-> null[0m[0m
      [31m-[0m[0m thumbprint_list = [
          [31m-[0m[0m "06b25927c42a721631c1efd9431e648fa62e1e39",
        ] [90m-> null[0m[0m
      [31m-[0m[0m url             = "oidc.eks.me-south-1.amazonaws.com/id/A8763F76889DD3C5C1B7285D1639E4DB" [90m-> null[0m[0m
    }

[1m  # aws_iam_policy.aws_load_balancer_controller[0m will be [1m[31mdestroyed[0m
[0m  [31m-[0m[0m resource "aws_iam_policy" "aws_load_balancer_controller" {
      [31m-[0m[0m arn              = "arn:aws:iam::747253121951:policy/cashflow-dev-alb-controller-policy" [90m-> null[0m[0m
      [31m-[0m[0m attachment_count = 1 [90m-> null[0m[0m
      [31m-[0m[0m description      = "IAM policy for AWS Load Balancer Controller" [90m-> null[0m[0m
      [31m-[0m[0m id               = "arn:aws:iam::747253121951:policy/cashflow-dev-alb-controller-policy" [90m-> null[0m[0m
      [31m-[0m[0m name             = "cashflow-dev-alb-controller-policy" [90m-> null[0m[0m
      [31m-[0m[0m path             = "/" [90m-> null[0m[0m
      [31m-[0m[0m policy           = jsonencode(
            {
              [31m-[0m[0m Statement = [
                  [31m-[0m[0m {
                      [31m-[0m[0m Action    = [
                          [31m-[0m[0m "iam:CreateServiceLinkedRole",
                        ]
                      [31m-[0m[0m Condition = {
                          [31m-[0m[0m StringEquals = {
                              [31m-[0m[0m "iam:AWSServiceName" = "elasticloadbalancing.amazonaws.com"
                            }
                        }
                      [31m-[0m[0m Effect    = "Allow"
                      [31m-[0m[0m Resource  = "*"
                    },
                  [31m-[0m[0m {
                      [31m-[0m[0m Action   = [
                          [31m-[0m[0m "ec2:DescribeAccountAttributes",
                          [31m-[0m[0m "ec2:DescribeAddresses",
                          [31m-[0m[0m "ec2:DescribeAvailabilityZones",
                          [31m-[0m[0m "ec2:DescribeInternetGateways",
                          [31m-[0m[0m "ec2:DescribeVpcs",
                          [31m-[0m[0m "ec2:DescribeVpcPeeringConnections",
                          [31m-[0m[0m "ec2:DescribeSubnets",
                          [31m-[0m[0m "ec2:DescribeSecurityGroups",
                          [31m-[0m[0m "ec2:DescribeInstances",
                          [31m-[0m[0m "ec2:DescribeNetworkInterfaces",
                          [31m-[0m[0m "ec2:DescribeTags",
                          [31m-[0m[0m "ec2:GetCoipPoolUsage",
                          [31m-[0m[0m "ec2:DescribeCoipPools",
                          [31m-[0m[0m "elasticloadbalancing:DescribeLoadBalancers",
                          [31m-[0m[0m "elasticloadbalancing:DescribeLoadBalancerAttributes",
                          [31m-[0m[0m "elasticloadbalancing:DescribeListeners",
                          [31m-[0m[0m "elasticloadbalancing:DescribeListenerCertificates",
                          [31m-[0m[0m "elasticloadbalancing:DescribeSSLPolicies",
                          [31m-[0m[0m "elasticloadbalancing:DescribeRules",
                          [31m-[0m[0m "elasticloadbalancing:DescribeTargetGroups",
                          [31m-[0m[0m "elasticloadbalancing:DescribeTargetGroupAttributes",
                          [31m-[0m[0m "elasticloadbalancing:DescribeTargetHealth",
                          [31m-[0m[0m "elasticloadbalancing:DescribeTags",
                        ]
                      [31m-[0m[0m Effect   = "Allow"
                      [31m-[0m[0m Resource = "*"
                    },
                  [31m-[0m[0m {
                      [31m-[0m[0m Action   = [
                          [31m-[0m[0m "cognito-idp:DescribeUserPoolClient",
                          [31m-[0m[0m "acm:ListCertificates",
                          [31m-[0m[0m "acm:DescribeCertificate",
                          [31m-[0m[0m "iam:ListServerCertificates",
                          [31m-[0m[0m "iam:GetServerCertificate",
                          [31m-[0m[0m "waf-regional:GetWebACL",
                          [31m-[0m[0m "waf-regional:GetWebACLForResource",
                          [31m-[0m[0m "waf-regional:AssociateWebACL",
                          [31m-[0m[0m "waf-regional:DisassociateWebACL",
                          [31m-[0m[0m "wafv2:GetWebACL",
                          [31m-[0m[0m "wafv2:GetWebACLForResource",
                          [31m-[0m[0m "wafv2:AssociateWebACL",
                          [31m-[0m[0m "wafv2:DisassociateWebACL",
                          [31m-[0m[0m "shield:GetSubscriptionState",
                          [31m-[0m[0m "shield:DescribeProtection",
                          [31m-[0m[0m "shield:CreateProtection",
                          [31m-[0m[0m "shield:DeleteProtection",
                        ]
                      [31m-[0m[0m Effect   = "Allow"
                      [31m-[0m[0m Resource = "*"
                    },
                  [31m-[0m[0m {
                      [31m-[0m[0m Action   = [
                          [31m-[0m[0m "ec2:AuthorizeSecurityGroupIngress",
                          [31m-[0m[0m "ec2:RevokeSecurityGroupIngress",
                        ]
                      [31m-[0m[0m Effect   = "Allow"
                      [31m-[0m[0m Resource = "*"
                    },
                  [31m-[0m[0m {
                      [31m-[0m[0m Action   = [
                          [31m-[0m[0m "ec2:CreateSecurityGroup",
                        ]
                      [31m-[0m[0m Effect   = "Allow"
                      [31m-[0m[0m Resource = "*"
                    },
                  [31m-[0m[0m {
                      [31m-[0m[0m Action    = [
                          [31m-[0m[0m "ec2:CreateTags",
                        ]
                      [31m-[0m[0m Condition = {
                          [31m-[0m[0m Null         = {
                              [31m-[0m[0m "aws:RequestTag/elbv2.k8s.aws/cluster" = "false"
                            }
                          [31m-[0m[0m StringEquals = {
                              [31m-[0m[0m "ec2:CreateAction" = "CreateSecurityGroup"
                            }
                        }
                      [31m-[0m[0m Effect    = "Allow"
                      [31m-[0m[0m Resource  = "arn:aws:ec2:*:*:security-group/*"
                    },
                  [31m-[0m[0m {
                      [31m-[0m[0m Action    = [
                          [31m-[0m[0m "ec2:CreateTags",
                          [31m-[0m[0m "ec2:DeleteTags",
                        ]
                      [31m-[0m[0m Condition = {
                          [31m-[0m[0m Null = {
                              [31m-[0m[0m "aws:RequestTag/elbv2.k8s.aws/cluster"  = "true"
                              [31m-[0m[0m "aws:ResourceTag/elbv2.k8s.aws/cluster" = "false"
                            }
                        }
                      [31m-[0m[0m Effect    = "Allow"
                      [31m-[0m[0m Resource  = "arn:aws:ec2:*:*:security-group/*"
                    },
                  [31m-[0m[0m {
                      [31m-[0m[0m Action    = [
                          [31m-[0m[0m "ec2:AuthorizeSecurityGroupIngress",
                          [31m-[0m[0m "ec2:RevokeSecurityGroupIngress",
                          [31m-[0m[0m "ec2:DeleteSecurityGroup",
                        ]
                      [31m-[0m[0m Condition = {
                          [31m-[0m[0m Null = {
                              [31m-[0m[0m "aws:ResourceTag/elbv2.k8s.aws/cluster" = "false"
                            }
                        }
                      [31m-[0m[0m Effect    = "Allow"
                      [31m-[0m[0m Resource  = "*"
                    },
                  [31m-[0m[0m {
                      [31m-[0m[0m Action    = [
                          [31m-[0m[0m "elasticloadbalancing:CreateLoadBalancer",
                          [31m-[0m[0m "elasticloadbalancing:CreateTargetGroup",
                        ]
                      [31m-[0m[0m Condition = {
                          [31m-[0m[0m Null = {
                              [31m-[0m[0m "aws:RequestTag/elbv2.k8s.aws/cluster" = "false"
                            }
                        }
                      [31m-[0m[0m Effect    = "Allow"
                      [31m-[0m[0m Resource  = "*"
                    },
                  [31m-[0m[0m {
                      [31m-[0m[0m Action   = [
                          [31m-[0m[0m "elasticloadbalancing:CreateListener",
                          [31m-[0m[0m "elasticloadbalancing:DeleteListener",
                          [31m-[0m[0m "elasticloadbalancing:CreateRule",
                          [31m-[0m[0m "elasticloadbalancing:DeleteRule",
                        ]
                      [31m-[0m[0m Effect   = "Allow"
                      [31m-[0m[0m Resource = "*"
                    },
                  [31m-[0m[0m {
                      [31m-[0m[0m Action    = [
                          [31m-[0m[0m "elasticloadbalancing:AddTags",
                          [31m-[0m[0m "elasticloadbalancing:RemoveTags",
                        ]
                      [31m-[0m[0m Condition = {
                          [31m-[0m[0m Null = {
                              [31m-[0m[0m "aws:RequestTag/elbv2.k8s.aws/cluster"  = "true"
                              [31m-[0m[0m "aws:ResourceTag/elbv2.k8s.aws/cluster" = "false"
                            }
                        }
                      [31m-[0m[0m Effect    = "Allow"
                      [31m-[0m[0m Resource  = [
                          [31m-[0m[0m "arn:aws:elasticloadbalancing:*:*:targetgroup/*/*",
                          [31m-[0m[0m "arn:aws:elasticloadbalancing:*:*:loadbalancer/net/*/*",
                          [31m-[0m[0m "arn:aws:elasticloadbalancing:*:*:loadbalancer/app/*/*",
                        ]
                    },
                  [31m-[0m[0m {
                      [31m-[0m[0m Action   = [
                          [31m-[0m[0m "elasticloadbalancing:AddTags",
                          [31m-[0m[0m "elasticloadbalancing:RemoveTags",
                        ]
                      [31m-[0m[0m Effect   = "Allow"
                      [31m-[0m[0m Resource = [
                          [31m-[0m[0m "arn:aws:elasticloadbalancing:*:*:listener/net/*/*/*",
                          [31m-[0m[0m "arn:aws:elasticloadbalancing:*:*:listener/app/*/*/*",
                          [31m-[0m[0m "arn:aws:elasticloadbalancing:*:*:listener-rule/net/*/*/*",
                          [31m-[0m[0m "arn:aws:elasticloadbalancing:*:*:listener-rule/app/*/*/*",
                        ]
                    },
                  [31m-[0m[0m {
                      [31m-[0m[0m Action    = [
                          [31m-[0m[0m "elasticloadbalancing:ModifyLoadBalancerAttributes",
                          [31m-[0m[0m "elasticloadbalancing:SetIpAddressType",
                          [31m-[0m[0m "elasticloadbalancing:SetSecurityGroups",
                          [31m-[0m[0m "elasticloadbalancing:SetSubnets",
                          [31m-[0m[0m "elasticloadbalancing:DeleteLoadBalancer",
                          [31m-[0m[0m "elasticloadbalancing:ModifyTargetGroup",
                          [31m-[0m[0m "elasticloadbalancing:ModifyTargetGroupAttributes",
                          [31m-[0m[0m "elasticloadbalancing:DeleteTargetGroup",
                        ]
                      [31m-[0m[0m Condition = {
                          [31m-[0m[0m Null = {
                              [31m-[0m[0m "aws:ResourceTag/elbv2.k8s.aws/cluster" = "false"
                            }
                        }
                      [31m-[0m[0m Effect    = "Allow"
                      [31m-[0m[0m Resource  = "*"
                    },
                  [31m-[0m[0m {
                      [31m-[0m[0m Action   = [
                          [31m-[0m[0m "elasticloadbalancing:RegisterTargets",
                          [31m-[0m[0m "elasticloadbalancing:DeregisterTargets",
                        ]
                      [31m-[0m[0m Effect   = "Allow"
                      [31m-[0m[0m Resource = "arn:aws:elasticloadbalancing:*:*:targetgroup/*/*"
                    },
                  [31m-[0m[0m {
                      [31m-[0m[0m Action   = [
                          [31m-[0m[0m "elasticloadbalancing:SetWebAcl",
                          [31m-[0m[0m "elasticloadbalancing:ModifyListener",
                          [31m-[0m[0m "elasticloadbalancing:AddListenerCertificates",
                          [31m-[0m[0m "elasticloadbalancing:RemoveListenerCertificates",
                          [31m-[0m[0m "elasticloadbalancing:ModifyRule",
                        ]
                      [31m-[0m[0m Effect   = "Allow"
                      [31m-[0m[0m Resource = "*"
                    },
                ]
              [31m-[0m[0m Version   = "2012-10-17"
            }
        ) [90m-> null[0m[0m
      [31m-[0m[0m policy_id        = "ANPA2366BYOP7GZ7R2GSB" [90m-> null[0m[0m
      [31m-[0m[0m tags             = {} [90m-> null[0m[0m
      [31m-[0m[0m tags_all         = {
          [31m-[0m[0m "Environment" = "dev"
          [31m-[0m[0m "ManagedBy"   = "Terraform"
          [31m-[0m[0m "Project"     = "cashflow"
        } [90m-> null[0m[0m
        [90m# (1 unchanged attribute hidden)[0m[0m
    }

[1m  # aws_iam_role.aws_load_balancer_controller[0m will be [1m[31mdestroyed[0m
[0m  [31m-[0m[0m resource "aws_iam_role" "aws_load_balancer_controller" {
      [31m-[0m[0m arn                   = "arn:aws:iam::747253121951:role/cashflow-dev-alb-controller-role" [90m-> null[0m[0m
      [31m-[0m[0m assume_role_policy    = jsonencode(
            {
              [31m-[0m[0m Statement = [
                  [31m-[0m[0m {
                      [31m-[0m[0m Action    = "sts:AssumeRoleWithWebIdentity"
                      [31m-[0m[0m Condition = {
                          [31m-[0m[0m StringEquals = {
                              [31m-[0m[0m "oidc.eks.me-south-1.amazonaws.com/id/A8763F76889DD3C5C1B7285D1639E4DB:aud" = "sts.amazonaws.com"
                              [31m-[0m[0m "oidc.eks.me-south-1.amazonaws.com/id/A8763F76889DD3C5C1B7285D1639E4DB:sub" = "system:serviceaccount:kube-system:aws-load-balancer-controller"
                            }
                        }
                      [31m-[0m[0m Effect    = "Allow"
                      [31m-[0m[0m Principal = {
                          [31m-[0m[0m Federated = "arn:aws:iam::747253121951:oidc-provider/oidc.eks.me-south-1.amazonaws.com/id/A8763F76889DD3C5C1B7285D1639E4DB"
                        }
                    },
                ]
              [31m-[0m[0m Version   = "2012-10-17"
            }
        ) [90m-> null[0m[0m
      [31m-[0m[0m create_date           = "2026-03-05T18:13:34Z" [90m-> null[0m[0m
      [31m-[0m[0m force_detach_policies = false [90m-> null[0m[0m
      [31m-[0m[0m id                    = "cashflow-dev-alb-controller-role" [90m-> null[0m[0m
      [31m-[0m[0m managed_policy_arns   = [
          [31m-[0m[0m "arn:aws:iam::747253121951:policy/cashflow-dev-alb-controller-policy",
        ] [90m-> null[0m[0m
      [31m-[0m[0m max_session_duration  = 3600 [90m-> null[0m[0m
      [31m-[0m[0m name                  = "cashflow-dev-alb-controller-role" [90m-> null[0m[0m
      [31m-[0m[0m path                  = "/" [90m-> null[0m[0m
      [31m-[0m[0m tags                  = {} [90m-> null[0m[0m
      [31m-[0m[0m tags_all              = {
          [31m-[0m[0m "Environment" = "dev"
          [31m-[0m[0m "ManagedBy"   = "Terraform"
          [31m-[0m[0m "Project"     = "cashflow"
        } [90m-> null[0m[0m
      [31m-[0m[0m unique_id             = "AROA2366BYOP3WFE7V3VS" [90m-> null[0m[0m
        [90m# (3 unchanged attributes hidden)[0m[0m
    }

[1m  # aws_iam_role.cognito_authenticated[0m will be [1m[31mdestroyed[0m
[0m  [31m-[0m[0m resource "aws_iam_role" "cognito_authenticated" {
      [31m-[0m[0m arn                   = "arn:aws:iam::747253121951:role/cashflow-dev-cognito-authenticated" [90m-> null[0m[0m
      [31m-[0m[0m assume_role_policy    = jsonencode(
            {
              [31m-[0m[0m Statement = [
                  [31m-[0m[0m {
                      [31m-[0m[0m Action    = "sts:AssumeRoleWithWebIdentity"
                      [31m-[0m[0m Condition = {
                          [31m-[0m[0m "ForAnyValue:StringLike" = {
                              [31m-[0m[0m "cognito-identity.amazonaws.com:amr" = "authenticated"
                            }
                          [31m-[0m[0m StringEquals             = {
                              [31m-[0m[0m "cognito-identity.amazonaws.com:aud" = "me-south-1:fa1ab8bc-e936-4e59-b00d-2111141476d6"
                            }
                        }
                      [31m-[0m[0m Effect    = "Allow"
                      [31m-[0m[0m Principal = {
                          [31m-[0m[0m Federated = "cognito-identity.amazonaws.com"
                        }
                    },
                ]
              [31m-[0m[0m Version   = "2012-10-17"
            }
        ) [90m-> null[0m[0m
      [31m-[0m[0m create_date           = "2026-03-05T17:58:27Z" [90m-> null[0m[0m
      [31m-[0m[0m force_detach_policies = false [90m-> null[0m[0m
      [31m-[0m[0m id                    = "cashflow-dev-cognito-authenticated" [90m-> null[0m[0m
      [31m-[0m[0m managed_policy_arns   = [] [90m-> null[0m[0m
      [31m-[0m[0m max_session_duration  = 3600 [90m-> null[0m[0m
      [31m-[0m[0m name                  = "cashflow-dev-cognito-authenticated" [90m-> null[0m[0m
      [31m-[0m[0m path                  = "/" [90m-> null[0m[0m
      [31m-[0m[0m tags                  = {} [90m-> null[0m[0m
      [31m-[0m[0m tags_all              = {
          [31m-[0m[0m "Environment" = "dev"
          [31m-[0m[0m "ManagedBy"   = "Terraform"
          [31m-[0m[0m "Project"     = "cashflow"
        } [90m-> null[0m[0m
      [31m-[0m[0m unique_id             = "AROA2366BYOPZITNPIZPR" [90m-> null[0m[0m
        [90m# (3 unchanged attributes hidden)[0m[0m
    }

[1m  # aws_iam_role.ebs_csi_driver[0m will be [1m[31mdestroyed[0m
[0m  [31m-[0m[0m resource "aws_iam_role" "ebs_csi_driver" {
      [31m-[0m[0m arn                   = "arn:aws:iam::747253121951:role/cashflow-dev-ebs-csi-driver" [90m-> null[0m[0m
      [31m-[0m[0m assume_role_policy    = jsonencode(
            {
              [31m-[0m[0m Statement = [
                  [31m-[0m[0m {
                      [31m-[0m[0m Action    = "sts:AssumeRoleWithWebIdentity"
                      [31m-[0m[0m Condition = {
                          [31m-[0m[0m StringEquals = {
                              [31m-[0m[0m "oidc.eks.me-south-1.amazonaws.com/id/A8763F76889DD3C5C1B7285D1639E4DB:aud" = "sts.amazonaws.com"
                              [31m-[0m[0m "oidc.eks.me-south-1.amazonaws.com/id/A8763F76889DD3C5C1B7285D1639E4DB:sub" = "system:serviceaccount:kube-system:ebs-csi-controller-sa"
                            }
                        }
                      [31m-[0m[0m Effect    = "Allow"
                      [31m-[0m[0m Principal = {
                          [31m-[0m[0m Federated = "arn:aws:iam::747253121951:oidc-provider/oidc.eks.me-south-1.amazonaws.com/id/A8763F76889DD3C5C1B7285D1639E4DB"
                        }
                    },
                ]
              [31m-[0m[0m Version   = "2012-10-17"
            }
        ) [90m-> null[0m[0m
      [31m-[0m[0m create_date           = "2026-03-05T18:13:34Z" [90m-> null[0m[0m
      [31m-[0m[0m force_detach_policies = false [90m-> null[0m[0m
      [31m-[0m[0m id                    = "cashflow-dev-ebs-csi-driver" [90m-> null[0m[0m
      [31m-[0m[0m managed_policy_arns   = [
          [31m-[0m[0m "arn:aws:iam::aws:policy/service-role/AmazonEBSCSIDriverPolicy",
        ] [90m-> null[0m[0m
      [31m-[0m[0m max_session_duration  = 3600 [90m-> null[0m[0m
      [31m-[0m[0m name                  = "cashflow-dev-ebs-csi-driver" [90m-> null[0m[0m
      [31m-[0m[0m path                  = "/" [90m-> null[0m[0m
      [31m-[0m[0m tags                  = {} [90m-> null[0m[0m
      [31m-[0m[0m tags_all              = {
          [31m-[0m[0m "Environment" = "dev"
          [31m-[0m[0m "ManagedBy"   = "Terraform"
          [31m-[0m[0m "Project"     = "cashflow"
        } [90m-> null[0m[0m
      [31m-[0m[0m unique_id             = "AROA2366BYOP6NIM634KR" [90m-> null[0m[0m
        [90m# (3 unchanged attributes hidden)[0m[0m
    }

[1m  # aws_iam_role.eks_cluster[0m will be [1m[31mdestroyed[0m
[0m  [31m-[0m[0m resource "aws_iam_role" "eks_cluster" {
      [31m-[0m[0m arn                   = "arn:aws:iam::747253121951:role/cashflow-dev-eks-cluster" [90m-> null[0m[0m
      [31m-[0m[0m assume_role_policy    = jsonencode(
            {
              [31m-[0m[0m Statement = [
                  [31m-[0m[0m {
                      [31m-[0m[0m Action    = "sts:AssumeRole"
                      [31m-[0m[0m Effect    = "Allow"
                      [31m-[0m[0m Principal = {
                          [31m-[0m[0m Service = "eks.amazonaws.com"
                        }
                    },
                ]
              [31m-[0m[0m Version   = "2012-10-17"
            }
        ) [90m-> null[0m[0m
      [31m-[0m[0m create_date           = "2026-03-05T17:58:25Z" [90m-> null[0m[0m
      [31m-[0m[0m force_detach_policies = false [90m-> null[0m[0m
      [31m-[0m[0m id                    = "cashflow-dev-eks-cluster" [90m-> null[0m[0m
      [31m-[0m[0m managed_policy_arns   = [
          [31m-[0m[0m "arn:aws:iam::aws:policy/AmazonEKSClusterPolicy",
          [31m-[0m[0m "arn:aws:iam::aws:policy/AmazonEKSVPCResourceController",
        ] [90m-> null[0m[0m
      [31m-[0m[0m max_session_duration  = 3600 [90m-> null[0m[0m
      [31m-[0m[0m name                  = "cashflow-dev-eks-cluster" [90m-> null[0m[0m
      [31m-[0m[0m path                  = "/" [90m-> null[0m[0m
      [31m-[0m[0m tags                  = {} [90m-> null[0m[0m
      [31m-[0m[0m tags_all              = {
          [31m-[0m[0m "Environment" = "dev"
          [31m-[0m[0m "ManagedBy"   = "Terraform"
          [31m-[0m[0m "Project"     = "cashflow"
        } [90m-> null[0m[0m
      [31m-[0m[0m unique_id             = "AROA2366BYOP6WXB62AAR" [90m-> null[0m[0m
        [90m# (3 unchanged attributes hidden)[0m[0m
    }

[1m  # aws_iam_role.eks_node_group[0m will be [1m[31mdestroyed[0m
[0m  [31m-[0m[0m resource "aws_iam_role" "eks_node_group" {
      [31m-[0m[0m arn                   = "arn:aws:iam::747253121951:role/cashflow-dev-eks-node-group" [90m-> null[0m[0m
      [31m-[0m[0m assume_role_policy    = jsonencode(
            {
              [31m-[0m[0m Statement = [
                  [31m-[0m[0m {
                      [31m-[0m[0m Action    = "sts:AssumeRole"
                      [31m-[0m[0m Effect    = "Allow"
                      [31m-[0m[0m Principal = {
                          [31m-[0m[0m Service = "ec2.amazonaws.com"
                        }
                    },
                ]
              [31m-[0m[0m Version   = "2012-10-17"
            }
        ) [90m-> null[0m[0m
      [31m-[0m[0m create_date           = "2026-03-05T17:58:25Z" [90m-> null[0m[0m
      [31m-[0m[0m force_detach_policies = false [90m-> null[0m[0m
      [31m-[0m[0m id                    = "cashflow-dev-eks-node-group" [90m-> null[0m[0m
      [31m-[0m[0m managed_policy_arns   = [
          [31m-[0m[0m "arn:aws:iam::aws:policy/AmazonEC2ContainerRegistryReadOnly",
          [31m-[0m[0m "arn:aws:iam::aws:policy/AmazonEKSWorkerNodePolicy",
          [31m-[0m[0m "arn:aws:iam::aws:policy/AmazonEKS_CNI_Policy",
        ] [90m-> null[0m[0m
      [31m-[0m[0m max_session_duration  = 3600 [90m-> null[0m[0m
      [31m-[0m[0m name                  = "cashflow-dev-eks-node-group" [90m-> null[0m[0m
      [31m-[0m[0m path                  = "/" [90m-> null[0m[0m
      [31m-[0m[0m tags                  = {} [90m-> null[0m[0m
      [31m-[0m[0m tags_all              = {
          [31m-[0m[0m "Environment" = "dev"
          [31m-[0m[0m "ManagedBy"   = "Terraform"
          [31m-[0m[0m "Project"     = "cashflow"
        } [90m-> null[0m[0m
      [31m-[0m[0m unique_id             = "AROA2366BYOP7ZJ2ARQFH" [90m-> null[0m[0m
        [90m# (3 unchanged attributes hidden)[0m[0m
    }

[1m  # aws_iam_role_policy_attachment.aws_load_balancer_controller[0m will be [1m[31mdestroyed[0m
[0m  [31m-[0m[0m resource "aws_iam_role_policy_attachment" "aws_load_balancer_controller" {
      [31m-[0m[0m id         = "cashflow-dev-alb-controller-role-2026030518133567430000000c" [90m-> null[0m[0m
      [31m-[0m[0m policy_arn = "arn:aws:iam::747253121951:policy/cashflow-dev-alb-controller-policy" [90m-> null[0m[0m
      [31m-[0m[0m role       = "cashflow-dev-alb-controller-role" [90m-> null[0m[0m
    }

[1m  # aws_iam_role_policy_attachment.ebs_csi_driver[0m will be [1m[31mdestroyed[0m
[0m  [31m-[0m[0m resource "aws_iam_role_policy_attachment" "ebs_csi_driver" {
      [31m-[0m[0m id         = "cashflow-dev-ebs-csi-driver-2026030518133552130000000b" [90m-> null[0m[0m
      [31m-[0m[0m policy_arn = "arn:aws:iam::aws:policy/service-role/AmazonEBSCSIDriverPolicy" [90m-> null[0m[0m
      [31m-[0m[0m role       = "cashflow-dev-ebs-csi-driver" [90m-> null[0m[0m
    }

[1m  # aws_iam_role_policy_attachment.eks_cluster_policy[0m will be [1m[31mdestroyed[0m
[0m  [31m-[0m[0m resource "aws_iam_role_policy_attachment" "eks_cluster_policy" {
      [31m-[0m[0m id         = "cashflow-dev-eks-cluster-20260305175826984300000004" [90m-> null[0m[0m
      [31m-[0m[0m policy_arn = "arn:aws:iam::aws:policy/AmazonEKSClusterPolicy" [90m-> null[0m[0m
      [31m-[0m[0m role       = "cashflow-dev-eks-cluster" [90m-> null[0m[0m
    }

[1m  # aws_iam_role_policy_attachment.eks_cni_policy[0m will be [1m[31mdestroyed[0m
[0m  [31m-[0m[0m resource "aws_iam_role_policy_attachment" "eks_cni_policy" {
      [31m-[0m[0m id         = "cashflow-dev-eks-node-group-20260305175826962600000003" [90m-> null[0m[0m
      [31m-[0m[0m policy_arn = "arn:aws:iam::aws:policy/AmazonEKS_CNI_Policy" [90m-> null[0m[0m
      [31m-[0m[0m role       = "cashflow-dev-eks-node-group" [90m-> null[0m[0m
    }

[1m  # aws_iam_role_policy_attachment.eks_container_registry_policy[0m will be [1m[31mdestroyed[0m
[0m  [31m-[0m[0m resource "aws_iam_role_policy_attachment" "eks_container_registry_policy" {
      [31m-[0m[0m id         = "cashflow-dev-eks-node-group-20260305175827219400000005" [90m-> null[0m[0m
      [31m-[0m[0m policy_arn = "arn:aws:iam::aws:policy/AmazonEC2ContainerRegistryReadOnly" [90m-> null[0m[0m
      [31m-[0m[0m role       = "cashflow-dev-eks-node-group" [90m-> null[0m[0m
    }

[1m  # aws_iam_role_policy_attachment.eks_vpc_resource_controller[0m will be [1m[31mdestroyed[0m
[0m  [31m-[0m[0m resource "aws_iam_role_policy_attachment" "eks_vpc_resource_controller" {
      [31m-[0m[0m id         = "cashflow-dev-eks-cluster-20260305175826928700000002" [90m-> null[0m[0m
      [31m-[0m[0m policy_arn = "arn:aws:iam::aws:policy/AmazonEKSVPCResourceController" [90m-> null[0m[0m
      [31m-[0m[0m role       = "cashflow-dev-eks-cluster" [90m-> null[0m[0m
    }

[1m  # aws_iam_role_policy_attachment.eks_worker_node_policy[0m will be [1m[31mdestroyed[0m
[0m  [31m-[0m[0m resource "aws_iam_role_policy_attachment" "eks_worker_node_policy" {
      [31m-[0m[0m id         = "cashflow-dev-eks-node-group-20260305175827259900000006" [90m-> null[0m[0m
      [31m-[0m[0m policy_arn = "arn:aws:iam::aws:policy/AmazonEKSWorkerNodePolicy" [90m-> null[0m[0m
      [31m-[0m[0m role       = "cashflow-dev-eks-node-group" [90m-> null[0m[0m
    }

[1m  # aws_route53_record.cert_validation["*.api.tadfuq.ai"][0m will be [1m[31mdestroyed[0m
[0m  [31m-[0m[0m resource "aws_route53_record" "cert_validation" {
      [31m-[0m[0m allow_overwrite                  = true [90m-> null[0m[0m
      [31m-[0m[0m fqdn                             = "_2667aa37a04edf8a2e118fa2e9ae63e1.api.tadfuq.ai" [90m-> null[0m[0m
      [31m-[0m[0m id                               = "Z05025173KCIQA1BDF937__2667aa37a04edf8a2e118fa2e9ae63e1.api.tadfuq.ai._CNAME" [90m-> null[0m[0m
      [31m-[0m[0m multivalue_answer_routing_policy = false [90m-> null[0m[0m
      [31m-[0m[0m name                             = "_2667aa37a04edf8a2e118fa2e9ae63e1.api.tadfuq.ai" [90m-> null[0m[0m
      [31m-[0m[0m records                          = [
          [31m-[0m[0m "_ee6e33685cacdcbf3ddc10b64cdb605e.jkddzztszm.acm-validations.aws.",
        ] [90m-> null[0m[0m
      [31m-[0m[0m ttl                              = 60 [90m-> null[0m[0m
      [31m-[0m[0m type                             = "CNAME" [90m-> null[0m[0m
      [31m-[0m[0m zone_id                          = "Z05025173KCIQA1BDF937" [90m-> null[0m[0m
        [90m# (2 unchanged attributes hidden)[0m[0m
    }

[1m  # aws_route53_record.cert_validation["api.tadfuq.ai"][0m will be [1m[31mdestroyed[0m
[0m  [31m-[0m[0m resource "aws_route53_record" "cert_validation" {
      [31m-[0m[0m allow_overwrite                  = true [90m-> null[0m[0m
      [31m-[0m[0m fqdn                             = "_2667aa37a04edf8a2e118fa2e9ae63e1.api.tadfuq.ai" [90m-> null[0m[0m
      [31m-[0m[0m id                               = "Z05025173KCIQA1BDF937__2667aa37a04edf8a2e118fa2e9ae63e1.api.tadfuq.ai._CNAME" [90m-> null[0m[0m
      [31m-[0m[0m multivalue_answer_routing_policy = false [90m-> null[0m[0m
      [31m-[0m[0m name                             = "_2667aa37a04edf8a2e118fa2e9ae63e1.api.tadfuq.ai" [90m-> null[0m[0m
      [31m-[0m[0m records                          = [
          [31m-[0m[0m "_ee6e33685cacdcbf3ddc10b64cdb605e.jkddzztszm.acm-validations.aws.",
        ] [90m-> null[0m[0m
      [31m-[0m[0m ttl                              = 60 [90m-> null[0m[0m
      [31m-[0m[0m type                             = "CNAME" [90m-> null[0m[0m
      [31m-[0m[0m zone_id                          = "Z05025173KCIQA1BDF937" [90m-> null[0m[0m
        [90m# (2 unchanged attributes hidden)[0m[0m
    }

[1mPlan:[0m [0m0 to add, 0 to change, 16 to destroy.

Changes to Outputs:
  [31m-[0m[0m alb_controller_role_arn           = "arn:aws:iam::747253121951:role/cashflow-dev-alb-controller-role" [90m-> null[0m[0m
  [31m-[0m[0m certificate_arn                   = (sensitive value) [90m-> null[0m[0m
  [31m-[0m[0m cognito_client_id                 = "29u6e5ro5e106idgvkk3d5npcr" [90m-> null[0m[0m
  [31m-[0m[0m cognito_client_secret             = (sensitive value) [90m-> null[0m[0m
  [31m-[0m[0m cognito_domain                    = "https://cashflow-dev-auth.auth.us-east-1.amazoncognito.com" [90m-> null[0m[0m
  [31m-[0m[0m cognito_secret_values             = (sensitive value) [90m-> null[0m[0m
  [31m-[0m[0m cognito_user_pool_arn             = "arn:aws:cognito-idp:me-south-1:747253121951:userpool/me-south-1_IICPvqPaZ" [90m-> null[0m[0m
  [31m-[0m[0m cognito_user_pool_endpoint        = "cognito-idp.me-south-1.amazonaws.com/me-south-1_IICPvqPaZ" [90m-> null[0m[0m
  [31m-[0m[0m cognito_user_pool_id              = "me-south-1_IICPvqPaZ" [90m-> null[0m[0m
  [31m-[0m[0m db_endpoint                       = (sensitive value) [90m-> null[0m[0m
  [31m-[0m[0m db_password_secret_arn            = (sensitive value) [90m-> null[0m[0m
  [31m-[0m[0m domain_name                       = "api.tadfuq.ai" [90m-> null[0m[0m
  [31m-[0m[0m ecr_frontend_url                  = "747253121951.dkr.ecr.me-south-1.amazonaws.com/cashflow/frontend" [90m-> null[0m[0m
  [31m-[0m[0m ecr_ingestion_service_url         = "747253121951.dkr.ecr.me-south-1.amazonaws.com/cashflow/ingestion-service" [90m-> null[0m[0m
  [31m-[0m[0m ecr_tenant_service_url            = "747253121951.dkr.ecr.me-south-1.amazonaws.com/cashflow/tenant-service" [90m-> null[0m[0m
  [31m-[0m[0m eks_cluster_arn                   = "arn:aws:eks:me-south-1:747253121951:cluster/cashflow-dev-cluster" [90m-> null[0m[0m
  [31m-[0m[0m eks_cluster_certificate_authority = (sensitive value) [90m-> null[0m[0m
  [31m-[0m[0m eks_cluster_endpoint              = "https://A8763F76889DD3C5C1B7285D1639E4DB.sk1.me-south-1.eks.amazonaws.com" [90m-> null[0m[0m
  [31m-[0m[0m eks_cluster_name                  = "cashflow-dev-cluster" [90m-> null[0m[0m
  [31m-[0m[0m eks_oidc_provider_arn             = "arn:aws:iam::747253121951:oidc-provider/oidc.eks.me-south-1.amazonaws.com/id/A8763F76889DD3C5C1B7285D1639E4DB" [90m-> null[0m[0m
  [31m-[0m[0m hosted_zone_id                    = "Z05025173KCIQA1BDF937" [90m-> null[0m[0m
  [31m-[0m[0m nameservers                       = [] [90m-> null[0m[0m
  [31m-[0m[0m private_subnet_ids                = [
      [31m-[0m[0m "subnet-06d06dcb04248a945",
      [31m-[0m[0m "subnet-0e9ce93a7cc2d0e89",
    ] [90m-> null[0m[0m
  [31m-[0m[0m public_subnet_ids                 = [
      [31m-[0m[0m "subnet-06645455604895b0c",
      [31m-[0m[0m "subnet-02ac52dcc53f0c040",
    ] [90m-> null[0m[0m
  [31m-[0m[0m vpc_id                            = "vpc-02f1a5ae9732a39b7" [90m-> null[0m[0m
[0m[1maws_iam_role_policy_attachment.eks_worker_node_policy: Destroying... [id=cashflow-dev-eks-node-group-20260305175827259900000006][0m[0m
[0m[1maws_iam_role_policy_attachment.aws_load_balancer_controller: Destroying... [id=cashflow-dev-alb-controller-role-2026030518133567430000000c][0m[0m
[0m[1maws_iam_role_policy_attachment.ebs_csi_driver: Destroying... [id=cashflow-dev-ebs-csi-driver-2026030518133552130000000b][0m[0m
[0m[1maws_iam_role_policy_attachment.eks_container_registry_policy: Destroying... [id=cashflow-dev-eks-node-group-20260305175827219400000005][0m[0m
[0m[1maws_route53_record.cert_validation["api.tadfuq.ai"]: Destroying... [id=Z05025173KCIQA1BDF937__2667aa37a04edf8a2e118fa2e9ae63e1.api.tadfuq.ai._CNAME][0m[0m
[0m[1maws_iam_role.cognito_authenticated: Destroying... [id=cashflow-dev-cognito-authenticated][0m[0m
[0m[1maws_iam_role_policy_attachment.eks_cni_policy: Destroying... [id=cashflow-dev-eks-node-group-20260305175826962600000003][0m[0m
[0m[1maws_route53_record.cert_validation["*.api.tadfuq.ai"]: Destroying... [id=Z05025173KCIQA1BDF937__2667aa37a04edf8a2e118fa2e9ae63e1.api.tadfuq.ai._CNAME][0m[0m
[0m[1maws_iam_role_policy_attachment.ebs_csi_driver: Destruction complete after 1s[0m
[0m[1maws_iam_role.ebs_csi_driver: Destroying... [id=cashflow-dev-ebs-csi-driver][0m[0m
[0m[1maws_iam_role_policy_attachment.aws_load_balancer_controller: Destruction complete after 1s[0m
[0m[1maws_iam_role_policy_attachment.eks_container_registry_policy: Destruction complete after 1s[0m
[0m[1maws_iam_role.aws_load_balancer_controller: Destroying... [id=cashflow-dev-alb-controller-role][0m[0m
[0m[1maws_iam_policy.aws_load_balancer_controller: Destroying... [id=arn:aws:iam::747253121951:policy/cashflow-dev-alb-controller-policy][0m[0m
[0m[1maws_iam_role_policy_attachment.eks_worker_node_policy: Destruction complete after 1s[0m
[0m[1maws_iam_role_policy_attachment.eks_cni_policy: Destruction complete after 1s[0m
[0m[1maws_iam_role.eks_node_group: Destroying... [id=cashflow-dev-eks-node-group][0m[0m
[0m[1maws_iam_role.cognito_authenticated: Destruction complete after 1s[0m
[0m[1maws_iam_policy.aws_load_balancer_controller: Destruction complete after 1s[0m
[0m[1maws_route53_record.cert_validation["api.tadfuq.ai"]: Destruction complete after 2s[0m
[0m[1maws_iam_role.ebs_csi_driver: Destruction complete after 1s[0m
[0m[1maws_iam_role.aws_load_balancer_controller: Destruction complete after 1s[0m
[0m[1maws_iam_openid_connect_provider.eks: Destroying... [id=arn:aws:iam::747253121951:oidc-provider/oidc.eks.me-south-1.amazonaws.com/id/A8763F76889DD3C5C1B7285D1639E4DB][0m[0m
[0m[1maws_iam_role.eks_node_group: Destruction complete after 1s[0m
[0m[1maws_iam_openid_connect_provider.eks: Destruction complete after 0s[0m
[0m[1maws_iam_role_policy_attachment.eks_vpc_resource_controller: Destroying... [id=cashflow-dev-eks-cluster-20260305175826928700000002][0m[0m
[0m[1maws_iam_role_policy_attachment.eks_cluster_policy: Destroying... [id=cashflow-dev-eks-cluster-20260305175826984300000004][0m[0m
[0m[1maws_iam_role_policy_attachment.eks_vpc_resource_controller: Destruction complete after 0s[0m
[0m[1maws_iam_role_policy_attachment.eks_cluster_policy: Destruction complete after 0s[0m
[0m[1maws_iam_role.eks_cluster: Destroying... [id=cashflow-dev-eks-cluster][0m[0m
[0m[1maws_iam_role.eks_cluster: Destruction complete after 1s[0m
[0m[1maws_route53_record.cert_validation["*.api.tadfuq.ai"]: Still destroying... [id=Z05025173KCIQA1BDF937__2667aa37a04edf8a2e118fa2e9ae63e1.api.tadfuq.ai._CNAME, 00m10s elapsed][0m[0m
[0m[1maws_route53_record.cert_validation["*.api.tadfuq.ai"]: Still destroying... [id=Z05025173KCIQA1BDF937__2667aa37a04edf8a2e118fa2e9ae63e1.api.tadfuq.ai._CNAME, 00m20s elapsed][0m[0m
[0m[1maws_route53_record.cert_validation["*.api.tadfuq.ai"]: Still destroying... [id=Z05025173KCIQA1BDF937__2667aa37a04edf8a2e118fa2e9ae63e1.api.tadfuq.ai._CNAME, 00m30s elapsed][0m[0m
[0m[1maws_route53_record.cert_validation["*.api.tadfuq.ai"]: Destruction complete after 34s[0m
[33m╷[0m[0m
[33m│[0m [0m[1m[33mWarning: [0m[0m[1mValue for undeclared variable[0m
[33m│[0m [0m
[33m│[0m [0m[0mThe root module does not declare a variable named "tenant_service_cpu" but
[33m│[0m [0ma value was found in file "terraform.tfvars". If you meant to use this
[33m│[0m [0mvalue, add a "variable" block to the configuration.
[33m│[0m [0m
[33m│[0m [0mTo silence these warnings, use TF_VAR_... environment variables to provide
[33m│[0m [0mcertain "global" settings to all configurations in your organization. To
[33m│[0m [0mreduce the verbosity of these warnings, use the -compact-warnings option.
[33m╵[0m[0m
[33m╷[0m[0m
[33m│[0m [0m[1m[33mWarning: [0m[0m[1mValue for undeclared variable[0m
[33m│[0m [0m
[33m│[0m [0m[0mThe root module does not declare a variable named "desired_count" but a
[33m│[0m [0mvalue was found in file "terraform.tfvars". If you meant to use this value,
[33m│[0m [0madd a "variable" block to the configuration.
[33m│[0m [0m
[33m│[0m [0mTo silence these warnings, use TF_VAR_... environment variables to provide
[33m│[0m [0mcertain "global" settings to all configurations in your organization. To
[33m│[0m [0mreduce the verbosity of these warnings, use the -compact-warnings option.
[33m╵[0m[0m
[33m╷[0m[0m
[33m│[0m [0m[1m[33mWarning: [0m[0m[1mValues for undeclared variables[0m
[33m│[0m [0m
[33m│[0m [0m[0mIn addition to the other similar warnings shown, 4 other variable(s)
[33m│[0m [0mdefined without being declared.
[33m╵[0m[0m
[0m[1m[32m
Destroy complete! Resources: 16 destroyed.[0m
