[0m[1mdata.aws_route53_zone.existing[0]: Reading...[0m[0m
[0m[1maws_iam_role.eks_cluster: Refreshing state... [id=cashflow-dev-eks-cluster][0m
[0m[1maws_iam_policy.aws_load_balancer_controller: Refreshing state... [id=arn:aws:iam::747253121951:policy/cashflow-dev-alb-controller-policy][0m
[0m[1maws_ecr_repository.frontend: Refreshing state... [id=cashflow/frontend][0m
[0m[1maws_vpc.main: Refreshing state... [id=vpc-0c89ae3c0e9a32844][0m
[0m[1maws_cloudwatch_log_group.eks: Refreshing state... [id=/aws/eks/cashflow-dev-cluster/cluster][0m
[0m[1maws_ecr_repository.ingestion_service: Refreshing state... [id=cashflow/ingestion-service][0m
[0m[1maws_iam_role.eks_node_group: Refreshing state... [id=cashflow-dev-eks-node-group][0m
[0m[1maws_ecr_repository.tenant_service: Refreshing state... [id=cashflow/tenant-service][0m
[0m[1maws_cognito_user_pool.main: Refreshing state... [id=me-south-1_9vx4p1c3J][0m
[0m[1maws_acm_certificate.main[0]: Refreshing state... [id=arn:aws:acm:me-south-1:747253121951:certificate/1ab67d04-bf05-469d-89bc-7a7757004535][0m
[0m[1maws_ecr_lifecycle_policy.ingestion_service: Refreshing state... [id=cashflow/ingestion-service][0m
[0m[1maws_ecr_lifecycle_policy.tenant_service: Refreshing state... [id=cashflow/tenant-service][0m
[0m[1maws_ecr_lifecycle_policy.frontend: Refreshing state... [id=cashflow/frontend][0m
[0m[1maws_route53_record.cert_validation["api.tadfuq.ai"]: Refreshing state... [id=Z05025173KCIQA1BDF937__2667aa37a04edf8a2e118fa2e9ae63e1.api.tadfuq.ai._CNAME][0m
[0m[1maws_route53_record.cert_validation["*.api.tadfuq.ai"]: Refreshing state... [id=Z05025173KCIQA1BDF937__2667aa37a04edf8a2e118fa2e9ae63e1.api.tadfuq.ai._CNAME][0m
[0m[1maws_cognito_user_pool_domain.main: Refreshing state... [id=cashflow-dev-auth][0m
[0m[1maws_cognito_user_pool_client.frontend: Refreshing state... [id=3sooaaml4c0epbgsfa2giv9311][0m
[0m[1maws_cognito_identity_pool.main: Refreshing state... [id=me-south-1:f378ab59-7d18-4d22-b9c9-49fe5fa6d4c8][0m
[0m[1maws_iam_role.cognito_authenticated: Refreshing state... [id=cashflow-dev-cognito-authenticated][0m
[0m[1maws_internet_gateway.main: Refreshing state... [id=igw-062ae1b4801f770cd][0m
[0m[1maws_security_group.eks_cluster: Refreshing state... [id=sg-0eeb3bdeea6a5bbcf][0m
[0m[1maws_security_group.alb: Refreshing state... [id=sg-05cf217e5531810dc][0m
[0m[1maws_subnet.private[0]: Refreshing state... [id=subnet-0555b4cd1166e7927][0m
[0m[1maws_subnet.private[1]: Refreshing state... [id=subnet-036d24a393ccef574][0m
[0m[1maws_subnet.public[0]: Refreshing state... [id=subnet-09320e05d2a5082fe][0m
[0m[1maws_subnet.public[1]: Refreshing state... [id=subnet-005c7cf00415464ec][0m
[0m[1maws_eip.nat: Refreshing state... [id=eipalloc-063bbabca2d792771][0m
[0m[1maws_route_table.public: Refreshing state... [id=rtb-0eb97dc072b1f6d74][0m
[0m[1maws_security_group.eks_nodes: Refreshing state... [id=sg-08c19a59b25b0941f][0m
[0m[1maws_db_subnet_group.main: Refreshing state... [id=cashflow-dev-db-subnet][0m
[0m[1maws_route_table_association.public[1]: Refreshing state... [id=rtbassoc-0ca90a78e112a492c][0m
[0m[1maws_route_table_association.public[0]: Refreshing state... [id=rtbassoc-0d3617aeaf474164f][0m
[0m[1maws_security_group.rds: Refreshing state... [id=sg-0599a2918b83c642f][0m
[0m[1maws_security_group_rule.cluster_to_nodes: Refreshing state... [id=sgrule-4100235083][0m
[0m[1maws_security_group_rule.nodes_to_cluster: Refreshing state... [id=sgrule-2538807205][0m
[0m[1maws_nat_gateway.main: Refreshing state... [id=nat-00121e10f1d2a3a94][0m
[0m[1maws_route_table.private: Refreshing state... [id=rtb-04eb45c99517b166b][0m
[0m[1maws_route_table_association.private[0]: Refreshing state... [id=rtbassoc-018753de5f3d6a4a6][0m
[0m[1maws_route_table_association.private[1]: Refreshing state... [id=rtbassoc-00a8060138f3133a5][0m
[0m[1maws_db_instance.postgres: Refreshing state... [id=db-L77GN77RGP3YEOB3XKKUEJLSAI][0m
[0m[1maws_iam_role_policy_attachment.eks_cluster_policy: Refreshing state... [id=cashflow-dev-eks-cluster-20260305143920645900000006][0m
[0m[1maws_iam_role_policy_attachment.eks_vpc_resource_controller: Refreshing state... [id=cashflow-dev-eks-cluster-20260305143920364800000002][0m
[0m[1mdata.aws_secretsmanager_secret.db_password: Reading...[0m[0m
[0m[1mdata.aws_route53_zone.existing[0]: Read complete after 1s [id=Z05025173KCIQA1BDF937][0m
[0m[1maws_acm_certificate_validation.main[0]: Refreshing state... [id=2026-03-05 14:39:49.11 +0000 UTC][0m
[0m[1maws_iam_role_policy_attachment.eks_cni_policy: Refreshing state... [id=cashflow-dev-eks-node-group-20260305143920628000000005][0m
[0m[1maws_iam_role_policy_attachment.eks_worker_node_policy: Refreshing state... [id=cashflow-dev-eks-node-group-20260305143920370500000004][0m
[0m[1maws_iam_role_policy_attachment.eks_container_registry_policy: Refreshing state... [id=cashflow-dev-eks-node-group-20260305143920364800000003][0m
[0m[1maws_eks_cluster.main: Refreshing state... [id=cashflow-dev-cluster][0m
[0m[1mdata.aws_secretsmanager_secret.db_password: Read complete after 0s [id=arn:aws:secretsmanager:me-south-1:747253121951:secret:rds!db-502716cc-a2c1-48aa-9286-a4225cafb735-QwaKAJ][0m
[0m[1mdata.aws_secretsmanager_secret_version.db_password: Reading...[0m[0m
[0m[1maws_cognito_identity_pool_roles_attachment.main: Refreshing state... [id=me-south-1:f378ab59-7d18-4d22-b9c9-49fe5fa6d4c8][0m
[0m[1mdata.aws_secretsmanager_secret_version.db_password: Read complete after 0s [id=arn:aws:secretsmanager:me-south-1:747253121951:secret:rds!db-502716cc-a2c1-48aa-9286-a4225cafb735-QwaKAJ|AWSCURRENT][0m

[1m[36mNote:[0m[1m Objects have changed outside of Terraform
[0m
Terraform detected the following changes made outside of Terraform since the
last "terraform apply" which may have affected this plan:

[1m  # aws_eks_cluster.main[0m has changed
[0m  [33m~[0m[0m resource "aws_eks_cluster" "main" {
      [32m+[0m[0m arn                           = "arn:aws:eks:me-south-1:747253121951:cluster/cashflow-dev-cluster"
      [32m+[0m[0m certificate_authority         = [
          [32m+[0m[0m {
                [90m# (1 unchanged attribute hidden)[0m[0m
            },
        ]
      [32m+[0m[0m endpoint                      = "https://4D56093C35FAFA42C3C6D8B01FBBAED0.sk1.me-south-1.eks.amazonaws.com"
        id                            = "cashflow-dev-cluster"
      [32m+[0m[0m identity                      = []
        name                          = "cashflow-dev-cluster"
        tags                          = {
            "Name" = "cashflow-dev-eks-cluster"
        }
        [90m# (5 unchanged attributes hidden)[0m[0m

        [90m# (1 unchanged block hidden)[0m[0m
    }


Unless you have made equivalent changes to your configuration, or ignored the
relevant attributes using ignore_changes, the following plan may include
actions to undo or respond to these changes.
[90m
─────────────────────────────────────────────────────────────────────────────[0m

Terraform used the selected providers to generate the following execution
plan. Resource actions are indicated with the following symbols:
  [32m+[0m create[0m
  [33m~[0m update in-place[0m
[31m-[0m/[32m+[0m destroy and then create replacement[0m
 [36m<=[0m read (data resources)[0m

Terraform will perform the following actions:

[1m  # data.tls_certificate.eks[0m will be read during apply
  # (config refers to values not yet known)
[0m [36m<=[0m[0m data "tls_certificate" "eks" {
      [32m+[0m[0m certificates = (known after apply)
      [32m+[0m[0m id           = (known after apply)
      [32m+[0m[0m url          = (known after apply)
    }

[1m  # aws_cognito_user_pool.main[0m will be updated in-place
[0m  [33m~[0m[0m resource "aws_cognito_user_pool" "main" {
        id                         = "me-south-1_9vx4p1c3J"
        name                       = "cashflow-dev-users"
        tags                       = {
            "Name" = "cashflow-dev-user-pool"
        }
        [90m# (17 unchanged attributes hidden)[0m[0m

      [31m-[0m[0m schema {
          [31m-[0m[0m attribute_data_type      = "String" [90m-> null[0m[0m
          [31m-[0m[0m developer_only_attribute = false [90m-> null[0m[0m
          [31m-[0m[0m mutable                  = false [90m-> null[0m[0m
          [31m-[0m[0m name                     = "email" [90m-> null[0m[0m
          [31m-[0m[0m required                 = true [90m-> null[0m[0m
        }
      [31m-[0m[0m schema {
          [31m-[0m[0m attribute_data_type      = "String" [90m-> null[0m[0m
          [31m-[0m[0m developer_only_attribute = false [90m-> null[0m[0m
          [31m-[0m[0m mutable                  = true [90m-> null[0m[0m
          [31m-[0m[0m name                     = "name" [90m-> null[0m[0m
          [31m-[0m[0m required                 = true [90m-> null[0m[0m
        }
      [31m-[0m[0m schema {
          [31m-[0m[0m attribute_data_type      = "String" [90m-> null[0m[0m
          [31m-[0m[0m developer_only_attribute = false [90m-> null[0m[0m
          [31m-[0m[0m mutable                  = true [90m-> null[0m[0m
          [31m-[0m[0m name                     = "tenant_id" [90m-> null[0m[0m
          [31m-[0m[0m required                 = false [90m-> null[0m[0m

          [31m-[0m[0m string_attribute_constraints {}
        }
      [32m+[0m[0m schema {
          [32m+[0m[0m attribute_data_type = "String"
          [32m+[0m[0m mutable             = false
          [32m+[0m[0m name                = "email"
          [32m+[0m[0m required            = true
        }
      [32m+[0m[0m schema {
          [32m+[0m[0m attribute_data_type = "String"
          [32m+[0m[0m mutable             = true
          [32m+[0m[0m name                = "name"
          [32m+[0m[0m required            = true
        }
      [32m+[0m[0m schema {
          [32m+[0m[0m attribute_data_type = "String"
          [32m+[0m[0m mutable             = true
          [32m+[0m[0m name                = "tenant_id"
          [32m+[0m[0m required            = false
        }
      [32m+[0m[0m schema {
        }

        [90m# (8 unchanged blocks hidden)[0m[0m
    }

[1m  # aws_cognito_user_pool_client.backend[0m will be created
[0m  [32m+[0m[0m resource "aws_cognito_user_pool_client" "backend" {
      [32m+[0m[0m access_token_validity                         = 60
      [32m+[0m[0m allowed_oauth_flows                           = (known after apply)
      [32m+[0m[0m allowed_oauth_flows_user_pool_client          = false
      [32m+[0m[0m allowed_oauth_scopes                          = (known after apply)
      [32m+[0m[0m auth_session_validity                         = (known after apply)
      [32m+[0m[0m callback_urls                                 = (known after apply)
      [32m+[0m[0m client_secret                                 = (sensitive value)
      [32m+[0m[0m default_redirect_uri                          = (known after apply)
      [32m+[0m[0m enable_propagate_additional_user_context_data = (known after apply)
      [32m+[0m[0m enable_token_revocation                       = (known after apply)
      [32m+[0m[0m explicit_auth_flows                           = (known after apply)
      [32m+[0m[0m generate_secret                               = true
      [32m+[0m[0m id                                            = (known after apply)
      [32m+[0m[0m id_token_validity                             = (known after apply)
      [32m+[0m[0m logout_urls                                   = (known after apply)
      [32m+[0m[0m name                                          = "cashflow-dev-backend"
      [32m+[0m[0m prevent_user_existence_errors                 = (known after apply)
      [32m+[0m[0m read_attributes                               = (known after apply)
      [32m+[0m[0m refresh_token_validity                        = (known after apply)
      [32m+[0m[0m supported_identity_providers                  = (known after apply)
      [32m+[0m[0m user_pool_id                                  = "me-south-1_9vx4p1c3J"
      [32m+[0m[0m write_attributes                              = (known after apply)

      [32m+[0m[0m token_validity_units {
          [32m+[0m[0m access_token  = "minutes"
          [32m+[0m[0m id_token      = "hours"
          [32m+[0m[0m refresh_token = "days"
        }
    }

[1m  # aws_eks_addon.coredns[0m will be created
[0m  [32m+[0m[0m resource "aws_eks_addon" "coredns" {
      [32m+[0m[0m addon_name           = "coredns"
      [32m+[0m[0m addon_version        = "v1.10.1-eksbuild.6"
      [32m+[0m[0m arn                  = (known after apply)
      [32m+[0m[0m cluster_name         = "cashflow-dev-cluster"
      [32m+[0m[0m configuration_values = (known after apply)
      [32m+[0m[0m created_at           = (known after apply)
      [32m+[0m[0m id                   = (known after apply)
      [32m+[0m[0m modified_at          = (known after apply)
      [32m+[0m[0m tags_all             = {
          [32m+[0m[0m "Environment" = "dev"
          [32m+[0m[0m "ManagedBy"   = "Terraform"
          [32m+[0m[0m "Project"     = "cashflow"
        }
    }

[1m  # aws_eks_addon.ebs_csi_driver[0m will be created
[0m  [32m+[0m[0m resource "aws_eks_addon" "ebs_csi_driver" {
      [32m+[0m[0m addon_name               = "aws-ebs-csi-driver"
      [32m+[0m[0m addon_version            = "v1.25.0-eksbuild.1"
      [32m+[0m[0m arn                      = (known after apply)
      [32m+[0m[0m cluster_name             = "cashflow-dev-cluster"
      [32m+[0m[0m configuration_values     = (known after apply)
      [32m+[0m[0m created_at               = (known after apply)
      [32m+[0m[0m id                       = (known after apply)
      [32m+[0m[0m modified_at              = (known after apply)
      [32m+[0m[0m service_account_role_arn = (known after apply)
      [32m+[0m[0m tags_all                 = {
          [32m+[0m[0m "Environment" = "dev"
          [32m+[0m[0m "ManagedBy"   = "Terraform"
          [32m+[0m[0m "Project"     = "cashflow"
        }
    }

[1m  # aws_eks_addon.kube_proxy[0m will be created
[0m  [32m+[0m[0m resource "aws_eks_addon" "kube_proxy" {
      [32m+[0m[0m addon_name           = "kube-proxy"
      [32m+[0m[0m addon_version        = "v1.28.2-eksbuild.2"
      [32m+[0m[0m arn                  = (known after apply)
      [32m+[0m[0m cluster_name         = "cashflow-dev-cluster"
      [32m+[0m[0m configuration_values = (known after apply)
      [32m+[0m[0m created_at           = (known after apply)
      [32m+[0m[0m id                   = (known after apply)
      [32m+[0m[0m modified_at          = (known after apply)
      [32m+[0m[0m tags_all             = {
          [32m+[0m[0m "Environment" = "dev"
          [32m+[0m[0m "ManagedBy"   = "Terraform"
          [32m+[0m[0m "Project"     = "cashflow"
        }
    }

[1m  # aws_eks_addon.vpc_cni[0m will be created
[0m  [32m+[0m[0m resource "aws_eks_addon" "vpc_cni" {
      [32m+[0m[0m addon_name           = "vpc-cni"
      [32m+[0m[0m addon_version        = "v1.15.1-eksbuild.1"
      [32m+[0m[0m arn                  = (known after apply)
      [32m+[0m[0m cluster_name         = "cashflow-dev-cluster"
      [32m+[0m[0m configuration_values = (known after apply)
      [32m+[0m[0m created_at           = (known after apply)
      [32m+[0m[0m id                   = (known after apply)
      [32m+[0m[0m modified_at          = (known after apply)
      [32m+[0m[0m tags_all             = {
          [32m+[0m[0m "Environment" = "dev"
          [32m+[0m[0m "ManagedBy"   = "Terraform"
          [32m+[0m[0m "Project"     = "cashflow"
        }
    }

[1m  # aws_eks_cluster.main[0m is tainted, so must be [1m[31mreplaced[0m
[0m[31m-[0m/[32m+[0m[0m resource "aws_eks_cluster" "main" {
      [33m~[0m[0m arn                           = "arn:aws:eks:me-south-1:747253121951:cluster/cashflow-dev-cluster" -> (known after apply)
      [33m~[0m[0m certificate_authority         = [
          [31m-[0m[0m {
                [90m# (1 unchanged attribute hidden)[0m[0m
            },
        ] -> (known after apply)
      [32m+[0m[0m cluster_id                    = (known after apply)
      [33m~[0m[0m created_at                    = "2026-03-05T14:39:46Z" -> (known after apply)
      [33m~[0m[0m endpoint                      = "https://4D56093C35FAFA42C3C6D8B01FBBAED0.sk1.me-south-1.eks.amazonaws.com" -> (known after apply)
      [33m~[0m[0m id                            = "cashflow-dev-cluster" -> (known after apply)
      [33m~[0m[0m identity                      = [] -> (known after apply)
        name                          = "cashflow-dev-cluster"
      [33m~[0m[0m platform_version              = "eks.70" -> (known after apply)
      [33m~[0m[0m status                        = "CREATING" -> (known after apply)
        tags                          = {
            "Name" = "cashflow-dev-eks-cluster"
        }
        [90m# (5 unchanged attributes hidden)[0m[0m

      [33m~[0m[0m access_config (known after apply)
      [31m-[0m[0m access_config {
          [31m-[0m[0m authentication_mode                         = "CONFIG_MAP" [90m-> null[0m[0m
          [31m-[0m[0m bootstrap_cluster_creator_admin_permissions = true [90m-> null[0m[0m
        }

      [33m~[0m[0m kubernetes_network_config (known after apply)
      [31m-[0m[0m kubernetes_network_config {
          [31m-[0m[0m ip_family         = "ipv4" [90m-> null[0m[0m
          [31m-[0m[0m service_ipv4_cidr = "172.20.0.0/16" [90m-> null[0m[0m
            [90m# (1 unchanged attribute hidden)[0m[0m

          [31m-[0m[0m elastic_load_balancing {
              [31m-[0m[0m enabled = false [90m-> null[0m[0m
            }
        }

      [32m+[0m[0m timeouts {
          [32m+[0m[0m create = "45m"
          [32m+[0m[0m delete = "30m"
        }

      [33m~[0m[0m upgrade_policy (known after apply)
      [31m-[0m[0m upgrade_policy {
          [31m-[0m[0m support_type = "EXTENDED" [90m-> null[0m[0m
        }

      [33m~[0m[0m vpc_config {
          [32m+[0m[0m cluster_security_group_id = (known after apply)
          [33m~[0m[0m public_access_cidrs       = [
              [31m-[0m[0m "0.0.0.0/0",
            ] -> (known after apply)
          [33m~[0m[0m vpc_id                    = "vpc-0c89ae3c0e9a32844" -> (known after apply)
            [90m# (4 unchanged attributes hidden)[0m[0m
        }
    }

[1m  # aws_eks_node_group.main[0m will be created
[0m  [32m+[0m[0m resource "aws_eks_node_group" "main" {
      [32m+[0m[0m ami_type               = (known after apply)
      [32m+[0m[0m arn                    = (known after apply)
      [32m+[0m[0m capacity_type          = "ON_DEMAND"
      [32m+[0m[0m cluster_name           = "cashflow-dev-cluster"
      [32m+[0m[0m disk_size              = 20
      [32m+[0m[0m id                     = (known after apply)
      [32m+[0m[0m instance_types         = [
          [32m+[0m[0m "t3.medium",
        ]
      [32m+[0m[0m node_group_name        = "cashflow-dev-node-group"
      [32m+[0m[0m node_group_name_prefix = (known after apply)
      [32m+[0m[0m node_role_arn          = "arn:aws:iam::747253121951:role/cashflow-dev-eks-node-group"
      [32m+[0m[0m release_version        = (known after apply)
      [32m+[0m[0m resources              = (known after apply)
      [32m+[0m[0m status                 = (known after apply)
      [32m+[0m[0m subnet_ids             = [
          [32m+[0m[0m "subnet-036d24a393ccef574",
          [32m+[0m[0m "subnet-0555b4cd1166e7927",
        ]
      [32m+[0m[0m tags                   = {
          [32m+[0m[0m "Name" = "cashflow-dev-node-group"
        }
      [32m+[0m[0m tags_all               = {
          [32m+[0m[0m "Environment" = "dev"
          [32m+[0m[0m "ManagedBy"   = "Terraform"
          [32m+[0m[0m "Name"        = "cashflow-dev-node-group"
          [32m+[0m[0m "Project"     = "cashflow"
        }
      [32m+[0m[0m version                = (known after apply)

      [32m+[0m[0m node_repair_config (known after apply)

      [32m+[0m[0m scaling_config {
          [32m+[0m[0m desired_size = 2
          [32m+[0m[0m max_size     = 4
          [32m+[0m[0m min_size     = 1
        }

      [32m+[0m[0m update_config {
          [32m+[0m[0m max_unavailable = 1
        }
    }

[1m  # aws_iam_openid_connect_provider.eks[0m will be created
[0m  [32m+[0m[0m resource "aws_iam_openid_connect_provider" "eks" {
      [32m+[0m[0m arn             = (known after apply)
      [32m+[0m[0m client_id_list  = [
          [32m+[0m[0m "sts.amazonaws.com",
        ]
      [32m+[0m[0m id              = (known after apply)
      [32m+[0m[0m tags_all        = {
          [32m+[0m[0m "Environment" = "dev"
          [32m+[0m[0m "ManagedBy"   = "Terraform"
          [32m+[0m[0m "Project"     = "cashflow"
        }
      [32m+[0m[0m thumbprint_list = (known after apply)
      [32m+[0m[0m url             = (known after apply)
    }

[1m  # aws_iam_role.aws_load_balancer_controller[0m will be created
[0m  [32m+[0m[0m resource "aws_iam_role" "aws_load_balancer_controller" {
      [32m+[0m[0m arn                   = (known after apply)
      [32m+[0m[0m assume_role_policy    = (known after apply)
      [32m+[0m[0m create_date           = (known after apply)
      [32m+[0m[0m force_detach_policies = false
      [32m+[0m[0m id                    = (known after apply)
      [32m+[0m[0m managed_policy_arns   = (known after apply)
      [32m+[0m[0m max_session_duration  = 3600
      [32m+[0m[0m name                  = "cashflow-dev-alb-controller-role"
      [32m+[0m[0m name_prefix           = (known after apply)
      [32m+[0m[0m path                  = "/"
      [32m+[0m[0m tags_all              = {
          [32m+[0m[0m "Environment" = "dev"
          [32m+[0m[0m "ManagedBy"   = "Terraform"
          [32m+[0m[0m "Project"     = "cashflow"
        }
      [32m+[0m[0m unique_id             = (known after apply)

      [32m+[0m[0m inline_policy (known after apply)
    }

[1m  # aws_iam_role.ebs_csi_driver[0m will be created
[0m  [32m+[0m[0m resource "aws_iam_role" "ebs_csi_driver" {
      [32m+[0m[0m arn                   = (known after apply)
      [32m+[0m[0m assume_role_policy    = (known after apply)
      [32m+[0m[0m create_date           = (known after apply)
      [32m+[0m[0m force_detach_policies = false
      [32m+[0m[0m id                    = (known after apply)
      [32m+[0m[0m managed_policy_arns   = (known after apply)
      [32m+[0m[0m max_session_duration  = 3600
      [32m+[0m[0m name                  = "cashflow-dev-ebs-csi-driver"
      [32m+[0m[0m name_prefix           = (known after apply)
      [32m+[0m[0m path                  = "/"
      [32m+[0m[0m tags_all              = {
          [32m+[0m[0m "Environment" = "dev"
          [32m+[0m[0m "ManagedBy"   = "Terraform"
          [32m+[0m[0m "Project"     = "cashflow"
        }
      [32m+[0m[0m unique_id             = (known after apply)

      [32m+[0m[0m inline_policy (known after apply)
    }

[1m  # aws_iam_role_policy_attachment.aws_load_balancer_controller[0m will be created
[0m  [32m+[0m[0m resource "aws_iam_role_policy_attachment" "aws_load_balancer_controller" {
      [32m+[0m[0m id         = (known after apply)
      [32m+[0m[0m policy_arn = "arn:aws:iam::747253121951:policy/cashflow-dev-alb-controller-policy"
      [32m+[0m[0m role       = "cashflow-dev-alb-controller-role"
    }

[1m  # aws_iam_role_policy_attachment.ebs_csi_driver[0m will be created
[0m  [32m+[0m[0m resource "aws_iam_role_policy_attachment" "ebs_csi_driver" {
      [32m+[0m[0m id         = (known after apply)
      [32m+[0m[0m policy_arn = "arn:aws:iam::aws:policy/service-role/AmazonEBSCSIDriverPolicy"
      [32m+[0m[0m role       = "cashflow-dev-ebs-csi-driver"
    }

[1m  # aws_security_group.eks_nodes[0m will be updated in-place
[0m  [33m~[0m[0m resource "aws_security_group" "eks_nodes" {
        id                     = "sg-08c19a59b25b0941f"
      [33m~[0m[0m ingress                = [
          [31m-[0m[0m {
              [31m-[0m[0m cidr_blocks      = []
              [31m-[0m[0m description      = "Allow cluster to communicate with nodes"
              [31m-[0m[0m from_port        = 443
              [31m-[0m[0m ipv6_cidr_blocks = []
              [31m-[0m[0m prefix_list_ids  = []
              [31m-[0m[0m protocol         = "tcp"
              [31m-[0m[0m security_groups  = [
                  [31m-[0m[0m "sg-0eeb3bdeea6a5bbcf",
                ]
              [31m-[0m[0m self             = false
              [31m-[0m[0m to_port          = 443
            },
            [90m# (3 unchanged elements hidden)[0m[0m
        ]
        name                   = "cashflow-dev-eks-nodes-sg"
        tags                   = {
            "Name"                                       = "cashflow-dev-eks-nodes-sg"
            "kubernetes.io/cluster/cashflow-dev-cluster" = "owned"
        }
        [90m# (8 unchanged attributes hidden)[0m[0m
    }

[1mPlan:[0m [0m12 to add, 2 to change, 1 to destroy.

Changes to Outputs:
  [32m+[0m[0m alb_controller_role_arn           = (known after apply)
  [32m+[0m[0m cognito_secret_values             = (sensitive value)
  [32m+[0m[0m eks_cluster_arn                   = (known after apply)
  [32m+[0m[0m eks_cluster_certificate_authority = (sensitive value)
  [32m+[0m[0m eks_cluster_endpoint              = (known after apply)
  [32m+[0m[0m eks_oidc_provider_arn             = (known after apply)
[0m[1maws_eks_cluster.main: Destroying... [id=cashflow-dev-cluster][0m[0m
[0m[1maws_security_group.eks_nodes: Modifying... [id=sg-08c19a59b25b0941f][0m[0m
[0m[1maws_cognito_user_pool.main: Modifying... [id=me-south-1_9vx4p1c3J][0m[0m
[0m[1maws_security_group.eks_nodes: Modifications complete after 0s [id=sg-08c19a59b25b0941f][0m
[0m[1maws_eks_cluster.main: Still destroying... [id=cashflow-dev-cluster, 00m10s elapsed][0m[0m
[0m[1maws_eks_cluster.main: Still destroying... [id=cashflow-dev-cluster, 00m20s elapsed][0m[0m
[0m[1maws_eks_cluster.main: Still destroying... [id=cashflow-dev-cluster, 00m30s elapsed][0m[0m
[0m[1maws_eks_cluster.main: Still destroying... [id=cashflow-dev-cluster, 00m40s elapsed][0m[0m
[0m[1maws_eks_cluster.main: Still destroying... [id=cashflow-dev-cluster, 00m50s elapsed][0m[0m
[0m[1maws_eks_cluster.main: Still destroying... [id=cashflow-dev-cluster, 01m00s elapsed][0m[0m
[0m[1maws_eks_cluster.main: Still destroying... [id=cashflow-dev-cluster, 01m10s elapsed][0m[0m
[0m[1maws_eks_cluster.main: Still destroying... [id=cashflow-dev-cluster, 01m20s elapsed][0m[0m
[0m[1maws_eks_cluster.main: Still destroying... [id=cashflow-dev-cluster, 01m30s elapsed][0m[0m
[0m[1maws_eks_cluster.main: Still destroying... [id=cashflow-dev-cluster, 01m40s elapsed][0m[0m
[0m[1maws_eks_cluster.main: Still destroying... [id=cashflow-dev-cluster, 01m50s elapsed][0m[0m
[0m[1maws_eks_cluster.main: Still destroying... [id=cashflow-dev-cluster, 02m00s elapsed][0m[0m
[0m[1maws_eks_cluster.main: Destruction complete after 2m8s[0m
[0m[1maws_eks_cluster.main: Creating...[0m[0m
[0m[1maws_eks_cluster.main: Still creating... [00m10s elapsed][0m[0m
[0m[1maws_eks_cluster.main: Still creating... [00m20s elapsed][0m[0m
[0m[1maws_eks_cluster.main: Still creating... [00m30s elapsed][0m[0m
[0m[1maws_eks_cluster.main: Still creating... [00m40s elapsed][0m[0m
[0m[1maws_eks_cluster.main: Still creating... [00m50s elapsed][0m[0m
[0m[1maws_eks_cluster.main: Still creating... [01m00s elapsed][0m[0m
[0m[1maws_eks_cluster.main: Still creating... [01m10s elapsed][0m[0m
[0m[1maws_eks_cluster.main: Still creating... [01m20s elapsed][0m[0m
[0m[1maws_eks_cluster.main: Still creating... [01m30s elapsed][0m[0m
[0m[1maws_eks_cluster.main: Still creating... [01m40s elapsed][0m[0m
[0m[1maws_eks_cluster.main: Still creating... [01m50s elapsed][0m[0m
[0m[1maws_eks_cluster.main: Still creating... [02m00s elapsed][0m[0m
[0m[1maws_eks_cluster.main: Still creating... [02m10s elapsed][0m[0m
[0m[1maws_eks_cluster.main: Still creating... [02m20s elapsed][0m[0m
[0m[1maws_eks_cluster.main: Still creating... [02m30s elapsed][0m[0m
[0m[1maws_eks_cluster.main: Still creating... [02m40s elapsed][0m[0m
[0m[1maws_eks_cluster.main: Still creating... [02m50s elapsed][0m[0m
[0m[1maws_eks_cluster.main: Still creating... [03m00s elapsed][0m[0m
[0m[1maws_eks_cluster.main: Still creating... [03m10s elapsed][0m[0m
[0m[1maws_eks_cluster.main: Still creating... [03m20s elapsed][0m[0m
[0m[1maws_eks_cluster.main: Still creating... [03m30s elapsed][0m[0m
[0m[1maws_eks_cluster.main: Still creating... [03m40s elapsed][0m[0m
[0m[1maws_eks_cluster.main: Still creating... [03m50s elapsed][0m[0m
[0m[1maws_eks_cluster.main: Still creating... [04m00s elapsed][0m[0m
[0m[1maws_eks_cluster.main: Still creating... [04m10s elapsed][0m[0m
[0m[1maws_eks_cluster.main: Still creating... [04m20s elapsed][0m[0m
[0m[1maws_eks_cluster.main: Still creating... [04m30s elapsed][0m[0m
[0m[1maws_eks_cluster.main: Still creating... [04m40s elapsed][0m[0m
[0m[1maws_eks_cluster.main: Still creating... [04m50s elapsed][0m[0m
[0m[1maws_eks_cluster.main: Still creating... [05m00s elapsed][0m[0m
[0m[1maws_eks_cluster.main: Still creating... [05m10s elapsed][0m[0m
[0m[1maws_eks_cluster.main: Still creating... [05m20s elapsed][0m[0m
[0m[1maws_eks_cluster.main: Still creating... [05m30s elapsed][0m[0m
[0m[1maws_eks_cluster.main: Still creating... [05m40s elapsed][0m[0m
[0m[1maws_eks_cluster.main: Still creating... [05m50s elapsed][0m[0m
[0m[1maws_eks_cluster.main: Still creating... [06m00s elapsed][0m[0m
[0m[1maws_eks_cluster.main: Still creating... [06m10s elapsed][0m[0m
[0m[1maws_eks_cluster.main: Still creating... [06m20s elapsed][0m[0m
[0m[1maws_eks_cluster.main: Still creating... [06m30s elapsed][0m[0m
[0m[1maws_eks_cluster.main: Still creating... [06m40s elapsed][0m[0m
[0m[1maws_eks_cluster.main: Still creating... [06m50s elapsed][0m[0m
[0m[1maws_eks_cluster.main: Still creating... [07m00s elapsed][0m[0m
[0m[1maws_eks_cluster.main: Still creating... [07m10s elapsed][0m[0m
[0m[1maws_eks_cluster.main: Still creating... [07m20s elapsed][0m[0m
[0m[1maws_eks_cluster.main: Still creating... [07m30s elapsed][0m[0m
[0m[1maws_eks_cluster.main: Still creating... [07m40s elapsed][0m[0m
[0m[1maws_eks_cluster.main: Still creating... [07m50s elapsed][0m[0m
[0m[1maws_eks_cluster.main: Still creating... [08m00s elapsed][0m[0m
[0m[1maws_eks_cluster.main: Still creating... [08m10s elapsed][0m[0m
[0m[1maws_eks_cluster.main: Still creating... [08m20s elapsed][0m[0m
[0m[1maws_eks_cluster.main: Still creating... [08m30s elapsed][0m[0m
[0m[1maws_eks_cluster.main: Still creating... [08m40s elapsed][0m[0m
[0m[1maws_eks_cluster.main: Still creating... [08m50s elapsed][0m[0m
[0m[1maws_eks_cluster.main: Still creating... [09m00s elapsed][0m[0m
[0m[1maws_eks_cluster.main: Still creating... [09m10s elapsed][0m[0m
[0m[1maws_eks_cluster.main: Still creating... [09m20s elapsed][0m[0m
[0m[1maws_eks_cluster.main: Still creating... [09m30s elapsed][0m[0m
[0m[1maws_eks_cluster.main: Still creating... [09m40s elapsed][0m[0m
[0m[1maws_eks_cluster.main: Still creating... [09m50s elapsed][0m[0m
[0m[1maws_eks_cluster.main: Still creating... [10m00s elapsed][0m[0m
[0m[1maws_eks_cluster.main: Still creating... [10m10s elapsed][0m[0m
[0m[1maws_eks_cluster.main: Still creating... [10m20s elapsed][0m[0m
[0m[1maws_eks_cluster.main: Still creating... [10m30s elapsed][0m[0m
[0m[1maws_eks_cluster.main: Still creating... [10m40s elapsed][0m[0m
[0m[1maws_eks_cluster.main: Still creating... [10m50s elapsed][0m[0m
[0m[1maws_eks_cluster.main: Still creating... [11m00s elapsed][0m[0m
[0m[1maws_eks_cluster.main: Still creating... [11m10s elapsed][0m[0m
[0m[1maws_eks_cluster.main: Still creating... [11m20s elapsed][0m[0m
[0m[1maws_eks_cluster.main: Still creating... [11m30s elapsed][0m[0m
[0m[1maws_eks_cluster.main: Still creating... [11m40s elapsed][0m[0m
[0m[1maws_eks_cluster.main: Still creating... [11m50s elapsed][0m[0m
[0m[1maws_eks_cluster.main: Still creating... [12m00s elapsed][0m[0m
[0m[1maws_eks_cluster.main: Still creating... [12m10s elapsed][0m[0m
[0m[1maws_eks_cluster.main: Still creating... [12m20s elapsed][0m[0m
[0m[1maws_eks_cluster.main: Still creating... [12m30s elapsed][0m[0m
[0m[1maws_eks_cluster.main: Still creating... [12m40s elapsed][0m[0m
[0m[1maws_eks_cluster.main: Still creating... [12m50s elapsed][0m[0m
[0m[1maws_eks_cluster.main: Still creating... [13m00s elapsed][0m[0m
[0m[1maws_eks_cluster.main: Still creating... [13m10s elapsed][0m[0m
[0m[1maws_eks_cluster.main: Still creating... [13m20s elapsed][0m[0m
[0m[1maws_eks_cluster.main: Still creating... [13m30s elapsed][0m[0m
[0m[1maws_eks_cluster.main: Still creating... [13m40s elapsed][0m[0m
[0m[1maws_eks_cluster.main: Still creating... [13m50s elapsed][0m[0m
[0m[1maws_eks_cluster.main: Still creating... [14m00s elapsed][0m[0m
[0m[1maws_eks_cluster.main: Still creating... [14m10s elapsed][0m[0m
[0m[1maws_eks_cluster.main: Still creating... [14m20s elapsed][0m[0m
[0m[1maws_eks_cluster.main: Still creating... [14m30s elapsed][0m[0m
[0m[1maws_eks_cluster.main: Still creating... [14m40s elapsed][0m[0m
[0m[1maws_eks_cluster.main: Still creating... [14m50s elapsed][0m[0m
[0m[1maws_eks_cluster.main: Still creating... [15m00s elapsed][0m[0m
[0m[1maws_eks_cluster.main: Still creating... [15m10s elapsed][0m[0m
[0m[1maws_eks_cluster.main: Still creating... [15m20s elapsed][0m[0m
[0m[1maws_eks_cluster.main: Still creating... [15m30s elapsed][0m[0m
[0m[1maws_eks_cluster.main: Still creating... [15m40s elapsed][0m[0m
[0m[1maws_eks_cluster.main: Still creating... [15m50s elapsed][0m[0m
[0m[1maws_eks_cluster.main: Still creating... [16m00s elapsed][0m[0m
[0m[1maws_eks_cluster.main: Still creating... [16m10s elapsed][0m[0m
[0m[1maws_eks_cluster.main: Still creating... [16m20s elapsed][0m[0m
[0m[1maws_eks_cluster.main: Still creating... [16m30s elapsed][0m[0m
[0m[1maws_eks_cluster.main: Still creating... [16m40s elapsed][0m[0m
[0m[1maws_eks_cluster.main: Still creating... [16m50s elapsed][0m[0m
[0m[1maws_eks_cluster.main: Still creating... [17m00s elapsed][0m[0m
[0m[1maws_eks_cluster.main: Still creating... [17m10s elapsed][0m[0m
[0m[1maws_eks_cluster.main: Still creating... [17m20s elapsed][0m[0m
[0m[1maws_eks_cluster.main: Still creating... [17m30s elapsed][0m[0m
[0m[1maws_eks_cluster.main: Still creating... [17m40s elapsed][0m[0m
[0m[1maws_eks_cluster.main: Still creating... [17m50s elapsed][0m[0m
[0m[1maws_eks_cluster.main: Still creating... [18m00s elapsed][0m[0m
[0m[1maws_eks_cluster.main: Still creating... [18m10s elapsed][0m[0m
[0m[1maws_eks_cluster.main: Still creating... [18m20s elapsed][0m[0m
[0m[1maws_eks_cluster.main: Still creating... [18m30s elapsed][0m[0m
[0m[1maws_eks_cluster.main: Still creating... [18m40s elapsed][0m[0m
[0m[1maws_eks_cluster.main: Still creating... [18m50s elapsed][0m[0m
[0m[1maws_eks_cluster.main: Still creating... [19m00s elapsed][0m[0m
[0m[1maws_eks_cluster.main: Still creating... [19m10s elapsed][0m[0m
[0m[1maws_eks_cluster.main: Still creating... [19m20s elapsed][0m[0m
[0m[1maws_eks_cluster.main: Still creating... [19m30s elapsed][0m[0m
[0m[1maws_eks_cluster.main: Still creating... [19m40s elapsed][0m[0m
[0m[1maws_eks_cluster.main: Still creating... [19m50s elapsed][0m[0m
[0m[1maws_eks_cluster.main: Still creating... [20m00s elapsed][0m[0m
[0m[1maws_eks_cluster.main: Still creating... [20m10s elapsed][0m[0m
[0m[1maws_eks_cluster.main: Still creating... [20m20s elapsed][0m[0m
[0m[1maws_eks_cluster.main: Still creating... [20m30s elapsed][0m[0m
[0m[1maws_eks_cluster.main: Still creating... [20m40s elapsed][0m[0m
[0m[1maws_eks_cluster.main: Still creating... [20m50s elapsed][0m[0m
[0m[1maws_eks_cluster.main: Still creating... [21m00s elapsed][0m[0m
[0m[1maws_eks_cluster.main: Still creating... [21m10s elapsed][0m[0m
[0m[1maws_eks_cluster.main: Still creating... [21m20s elapsed][0m[0m
[0m[1maws_eks_cluster.main: Still creating... [21m30s elapsed][0m[0m
[0m[1maws_eks_cluster.main: Still creating... [21m40s elapsed][0m[0m
[0m[1maws_eks_cluster.main: Still creating... [21m50s elapsed][0m[0m
[0m[1maws_eks_cluster.main: Still creating... [22m00s elapsed][0m[0m
[0m[1maws_eks_cluster.main: Still creating... [22m10s elapsed][0m[0m
[0m[1maws_eks_cluster.main: Still creating... [22m20s elapsed][0m[0m
[0m[1maws_eks_cluster.main: Still creating... [22m30s elapsed][0m[0m
[0m[1maws_eks_cluster.main: Still creating... [22m40s elapsed][0m[0m
[0m[1maws_eks_cluster.main: Still creating... [22m50s elapsed][0m[0m
[0m[1maws_eks_cluster.main: Still creating... [23m00s elapsed][0m[0m
[0m[1maws_eks_cluster.main: Still creating... [23m10s elapsed][0m[0m
[0m[1maws_eks_cluster.main: Still creating... [23m20s elapsed][0m[0m
[0m[1maws_eks_cluster.main: Still creating... [23m30s elapsed][0m[0m
[0m[1maws_eks_cluster.main: Still creating... [23m40s elapsed][0m[0m
[0m[1maws_eks_cluster.main: Still creating... [23m50s elapsed][0m[0m
[0m[1maws_eks_cluster.main: Still creating... [24m00s elapsed][0m[0m
[0m[1maws_eks_cluster.main: Still creating... [24m10s elapsed][0m[0m
[0m[1maws_eks_cluster.main: Still creating... [24m20s elapsed][0m[0m
[0m[1maws_eks_cluster.main: Still creating... [24m30s elapsed][0m[0m
[0m[1maws_eks_cluster.main: Still creating... [24m40s elapsed][0m[0m
[0m[1maws_eks_cluster.main: Still creating... [24m50s elapsed][0m[0m
[0m[1maws_eks_cluster.main: Still creating... [25m00s elapsed][0m[0m
[0m[1maws_eks_cluster.main: Still creating... [25m10s elapsed][0m[0m
[0m[1maws_eks_cluster.main: Still creating... [25m20s elapsed][0m[0m
[0m[1maws_eks_cluster.main: Still creating... [25m30s elapsed][0m[0m
[0m[1maws_eks_cluster.main: Still creating... [25m40s elapsed][0m[0m
[0m[1maws_eks_cluster.main: Still creating... [25m50s elapsed][0m[0m
[0m[1maws_eks_cluster.main: Still creating... [26m00s elapsed][0m[0m
[0m[1maws_eks_cluster.main: Still creating... [26m10s elapsed][0m[0m
[0m[1maws_eks_cluster.main: Still creating... [26m20s elapsed][0m[0m
[0m[1maws_eks_cluster.main: Still creating... [26m30s elapsed][0m[0m
[0m[1maws_eks_cluster.main: Still creating... [26m40s elapsed][0m[0m
[0m[1maws_eks_cluster.main: Still creating... [26m50s elapsed][0m[0m
[0m[1maws_eks_cluster.main: Still creating... [27m00s elapsed][0m[0m
[0m[1maws_eks_cluster.main: Still creating... [27m10s elapsed][0m[0m
[0m[1maws_eks_cluster.main: Still creating... [27m20s elapsed][0m[0m
[0m[1maws_eks_cluster.main: Still creating... [27m30s elapsed][0m[0m
[0m[1maws_eks_cluster.main: Still creating... [27m40s elapsed][0m[0m
[0m[1maws_eks_cluster.main: Still creating... [27m50s elapsed][0m[0m
[0m[1maws_eks_cluster.main: Still creating... [28m00s elapsed][0m[0m
[0m[1maws_eks_cluster.main: Still creating... [28m10s elapsed][0m[0m
[0m[1maws_eks_cluster.main: Still creating... [28m20s elapsed][0m[0m
[0m[1maws_eks_cluster.main: Still creating... [28m30s elapsed][0m[0m
[0m[1maws_eks_cluster.main: Still creating... [28m40s elapsed][0m[0m
[0m[1maws_eks_cluster.main: Still creating... [28m50s elapsed][0m[0m
[0m[1maws_eks_cluster.main: Still creating... [29m00s elapsed][0m[0m
[0m[1maws_eks_cluster.main: Still creating... [29m10s elapsed][0m[0m
[0m[1maws_eks_cluster.main: Still creating... [29m20s elapsed][0m[0m
[0m[1maws_eks_cluster.main: Still creating... [29m30s elapsed][0m[0m
[0m[1maws_eks_cluster.main: Still creating... [29m40s elapsed][0m[0m
[0m[1maws_eks_cluster.main: Still creating... [29m50s elapsed][0m[0m
[0m[1maws_eks_cluster.main: Still creating... [30m00s elapsed][0m[0m
[0m[1maws_eks_cluster.main: Still creating... [30m10s elapsed][0m[0m
[0m[1maws_eks_cluster.main: Still creating... [30m20s elapsed][0m[0m
[0m[1maws_eks_cluster.main: Still creating... [30m30s elapsed][0m[0m
[0m[1maws_eks_cluster.main: Still creating... [30m40s elapsed][0m[0m
[0m[1maws_eks_cluster.main: Still creating... [30m50s elapsed][0m[0m
[0m[1maws_eks_cluster.main: Still creating... [31m00s elapsed][0m[0m
[0m[1maws_eks_cluster.main: Still creating... [31m10s elapsed][0m[0m
[0m[1maws_eks_cluster.main: Still creating... [31m20s elapsed][0m[0m
[0m[1maws_eks_cluster.main: Still creating... [31m30s elapsed][0m[0m
[0m[1maws_eks_cluster.main: Still creating... [31m40s elapsed][0m[0m
[0m[1maws_eks_cluster.main: Still creating... [31m50s elapsed][0m[0m
[0m[1maws_eks_cluster.main: Still creating... [32m00s elapsed][0m[0m
[0m[1maws_eks_cluster.main: Still creating... [32m10s elapsed][0m[0m
[0m[1maws_eks_cluster.main: Still creating... [32m20s elapsed][0m[0m
[0m[1maws_eks_cluster.main: Still creating... [32m30s elapsed][0m[0m
[0m[1maws_eks_cluster.main: Still creating... [32m40s elapsed][0m[0m
[0m[1maws_eks_cluster.main: Still creating... [32m50s elapsed][0m[0m
[0m[1maws_eks_cluster.main: Still creating... [33m00s elapsed][0m[0m
[0m[1maws_eks_cluster.main: Still creating... [33m10s elapsed][0m[0m
[0m[1maws_eks_cluster.main: Still creating... [33m20s elapsed][0m[0m
[0m[1maws_eks_cluster.main: Still creating... [33m30s elapsed][0m[0m
[0m[1maws_eks_cluster.main: Still creating... [33m40s elapsed][0m[0m
[0m[1maws_eks_cluster.main: Still creating... [33m50s elapsed][0m[0m
[0m[1maws_eks_cluster.main: Still creating... [34m00s elapsed][0m[0m
[0m[1maws_eks_cluster.main: Still creating... [34m10s elapsed][0m[0m
[0m[1maws_eks_cluster.main: Still creating... [34m20s elapsed][0m[0m
[0m[1maws_eks_cluster.main: Still creating... [34m30s elapsed][0m[0m
[0m[1maws_eks_cluster.main: Still creating... [34m40s elapsed][0m[0m
[0m[1maws_eks_cluster.main: Still creating... [34m50s elapsed][0m[0m
[0m[1maws_eks_cluster.main: Still creating... [35m00s elapsed][0m[0m
[0m[1maws_eks_cluster.main: Still creating... [35m10s elapsed][0m[0m
[0m[1maws_eks_cluster.main: Still creating... [35m20s elapsed][0m[0m
[0m[1maws_eks_cluster.main: Still creating... [35m30s elapsed][0m[0m
[0m[1maws_eks_cluster.main: Still creating... [35m40s elapsed][0m[0m
[0m[1maws_eks_cluster.main: Still creating... [35m50s elapsed][0m[0m
[0m[1maws_eks_cluster.main: Still creating... [36m00s elapsed][0m[0m
[0m[1maws_eks_cluster.main: Still creating... [36m10s elapsed][0m[0m
[0m[1maws_eks_cluster.main: Still creating... [36m20s elapsed][0m[0m
[0m[1maws_eks_cluster.main: Still creating... [36m30s elapsed][0m[0m
[0m[1maws_eks_cluster.main: Still creating... [36m40s elapsed][0m[0m
[0m[1maws_eks_cluster.main: Still creating... [36m50s elapsed][0m[0m
[0m[1maws_eks_cluster.main: Still creating... [37m00s elapsed][0m[0m
[0m[1maws_eks_cluster.main: Still creating... [37m10s elapsed][0m[0m
[0m[1maws_eks_cluster.main: Still creating... [37m20s elapsed][0m[0m
[0m[1maws_eks_cluster.main: Still creating... [37m30s elapsed][0m[0m
[0m[1maws_eks_cluster.main: Still creating... [37m40s elapsed][0m[0m
[0m[1maws_eks_cluster.main: Still creating... [37m50s elapsed][0m[0m
[0m[1maws_eks_cluster.main: Still creating... [38m00s elapsed][0m[0m
[0m[1maws_eks_cluster.main: Still creating... [38m10s elapsed][0m[0m
[0m[1maws_eks_cluster.main: Still creating... [38m20s elapsed][0m[0m
[0m[1maws_eks_cluster.main: Still creating... [38m30s elapsed][0m[0m
[0m[1maws_eks_cluster.main: Still creating... [38m40s elapsed][0m[0m
[0m[1maws_eks_cluster.main: Still creating... [38m50s elapsed][0m[0m
[0m[1maws_eks_cluster.main: Still creating... [39m00s elapsed][0m[0m
[0m[1maws_eks_cluster.main: Still creating... [39m10s elapsed][0m[0m
[0m[1maws_eks_cluster.main: Still creating... [39m20s elapsed][0m[0m
[0m[1maws_eks_cluster.main: Still creating... [39m30s elapsed][0m[0m
[0m[1maws_eks_cluster.main: Still creating... [39m40s elapsed][0m[0m
[0m[1maws_eks_cluster.main: Still creating... [39m50s elapsed][0m[0m
[0m[1maws_eks_cluster.main: Still creating... [40m00s elapsed][0m[0m
[0m[1maws_eks_cluster.main: Still creating... [40m10s elapsed][0m[0m
[0m[1maws_eks_cluster.main: Still creating... [40m20s elapsed][0m[0m
[0m[1maws_eks_cluster.main: Still creating... [40m30s elapsed][0m[0m
[0m[1maws_eks_cluster.main: Still creating... [40m40s elapsed][0m[0m
[0m[1maws_eks_cluster.main: Still creating... [40m50s elapsed][0m[0m
[0m[1maws_eks_cluster.main: Still creating... [41m00s elapsed][0m[0m
[0m[1maws_eks_cluster.main: Still creating... [41m10s elapsed][0m[0m
[0m[1maws_eks_cluster.main: Still creating... [41m20s elapsed][0m[0m
[0m[1maws_eks_cluster.main: Still creating... [41m30s elapsed][0m[0m
[0m[1maws_eks_cluster.main: Still creating... [41m40s elapsed][0m[0m
[0m[1maws_eks_cluster.main: Still creating... [41m50s elapsed][0m[0m
[0m[1maws_eks_cluster.main: Still creating... [42m00s elapsed][0m[0m
[0m[1maws_eks_cluster.main: Still creating... [42m10s elapsed][0m[0m
[0m[1maws_eks_cluster.main: Still creating... [42m20s elapsed][0m[0m
[0m[1maws_eks_cluster.main: Still creating... [42m30s elapsed][0m[0m
[0m[1maws_eks_cluster.main: Still creating... [42m40s elapsed][0m[0m
[0m[1maws_eks_cluster.main: Still creating... [42m50s elapsed][0m[0m
[0m[1maws_eks_cluster.main: Still creating... [43m00s elapsed][0m[0m
[0m[1maws_eks_cluster.main: Still creating... [43m10s elapsed][0m[0m
[0m[1maws_eks_cluster.main: Still creating... [43m20s elapsed][0m[0m
[0m[1maws_eks_cluster.main: Still creating... [43m30s elapsed][0m[0m
[0m[1maws_eks_cluster.main: Still creating... [43m40s elapsed][0m[0m
[0m[1maws_eks_cluster.main: Still creating... [43m50s elapsed][0m[0m
[0m[1maws_eks_cluster.main: Still creating... [44m00s elapsed][0m[0m
[0m[1maws_eks_cluster.main: Still creating... [44m10s elapsed][0m[0m
[0m[1maws_eks_cluster.main: Still creating... [44m20s elapsed][0m[0m
[0m[1maws_eks_cluster.main: Still creating... [44m30s elapsed][0m[0m
[0m[1maws_eks_cluster.main: Still creating... [44m40s elapsed][0m[0m
[0m[1maws_eks_cluster.main: Still creating... [44m50s elapsed][0m[0m
[0m[1maws_eks_cluster.main: Still creating... [45m00s elapsed][0m[0m
[33m╷[0m[0m
[33m│[0m [0m[1m[33mWarning: [0m[0m[1mValue for undeclared variable[0m
[33m│[0m [0m
[33m│[0m [0m[0mThe root module does not declare a variable named
[33m│[0m [0m"ingestion_service_memory" but a value was found in file
[33m│[0m [0m"terraform.tfvars". If you meant to use this value, add a "variable" block
[33m│[0m [0mto the configuration.
[33m│[0m [0m
[33m│[0m [0mTo silence these warnings, use TF_VAR_... environment variables to provide
[33m│[0m [0mcertain "global" settings to all configurations in your organization. To
[33m│[0m [0mreduce the verbosity of these warnings, use the -compact-warnings option.
[33m╵[0m[0m
[33m╷[0m[0m
[33m│[0m [0m[1m[33mWarning: [0m[0m[1mValue for undeclared variable[0m
[33m│[0m [0m
[33m│[0m [0m[0mThe root module does not declare a variable named "tenant_service_memory"
[33m│[0m [0mbut a value was found in file "terraform.tfvars". If you meant to use this
[33m│[0m [0mvalue, add a "variable" block to the configuration.
[33m│[0m [0m
[33m│[0m [0mTo silence these warnings, use TF_VAR_... environment variables to provide
[33m│[0m [0mcertain "global" settings to all configurations in your organization. To
[33m│[0m [0mreduce the verbosity of these warnings, use the -compact-warnings option.
[33m╵[0m[0m
[33m╷[0m[0m
[33m│[0m [0m[1m[33mWarning: [0m[0m[1mValues for undeclared variables[0m
[33m│[0m [0m
[33m│[0m [0m[0mIn addition to the other similar warnings shown, 4 other variable(s)
[33m│[0m [0mdefined without being declared.
[33m╵[0m[0m
[31m╷[0m[0m
[31m│[0m [0m[1m[31mError: [0m[0m[1mupdating Cognito User Pool (me-south-1_9vx4p1c3J): cannot modify or remove schema items[0m
[31m│[0m [0m
[31m│[0m [0m[0m  with aws_cognito_user_pool.main,
[31m│[0m [0m  on cognito.tf line 3, in resource "aws_cognito_user_pool" "main":
[31m│[0m [0m   3: resource "aws_cognito_user_pool" "main" [4m{[0m[0m
[31m│[0m [0m
[31m╵[0m[0m
[31m╷[0m[0m
[31m│[0m [0m[1m[31mError: [0m[0m[1mwaiting for EKS Cluster (cashflow-dev-cluster) create: timeout while waiting for state to become 'ACTIVE' (last state: 'CREATING', timeout: 45m0s)[0m
[31m│[0m [0m
[31m│[0m [0m[0m  with aws_eks_cluster.main,
[31m│[0m [0m  on eks.tf line 30, in resource "aws_eks_cluster" "main":
[31m│[0m [0m  30: resource "aws_eks_cluster" "main" [4m{[0m[0m
[31m│[0m [0m
[31m╵[0m[0m
